[2019-01-21 19:17:41.384] [exthost] [info] extension host started
[2019-01-21 19:17:41.394] [exthost] [info] ExtensionService#_doActivateExtension vscode.debug-auto-launch {"startup":true,"activationEvent":"*"}
[2019-01-21 19:17:41.394] [exthost] [info] ExtensionService#loadCommonJSModule /opt/visual-studio-code/resources/app/extensions/debug-auto-launch/dist/extension
[2019-01-21 19:17:41.396] [exthost] [info] ExtensionService#_doActivateExtension vscode.emmet {"startup":true,"activationEvent":"*"}
[2019-01-21 19:17:41.396] [exthost] [info] ExtensionService#loadCommonJSModule /opt/visual-studio-code/resources/app/extensions/emmet/dist/extension
[2019-01-21 19:17:41.407] [exthost] [info] ExtensionService#_doActivateExtension vscode.git {"startup":true,"activationEvent":"*"}
[2019-01-21 19:17:41.407] [exthost] [info] ExtensionService#loadCommonJSModule /opt/visual-studio-code/resources/app/extensions/git/dist/main
[2019-01-21 19:17:41.466] [exthost] [info] ExtensionService#_doActivateExtension vscode.merge-conflict {"startup":true,"activationEvent":"*"}
[2019-01-21 19:17:41.466] [exthost] [info] ExtensionService#loadCommonJSModule /opt/visual-studio-code/resources/app/extensions/merge-conflict/dist/extension
[2019-01-21 19:17:41.469] [exthost] [info] ExtensionService#_doActivateExtension alefragnani.project-manager {"startup":true,"activationEvent":"*"}
[2019-01-21 19:17:41.470] [exthost] [info] ExtensionService#loadCommonJSModule /home/miltfra/.vscode/extensions/alefragnani.project-manager-10.3.0/out/src/extension
[2019-01-21 19:17:41.477] [exthost] [info] ExtensionService#_doActivateExtension CoenraadS.bracket-pair-colorizer {"startup":true,"activationEvent":"*"}
[2019-01-21 19:17:41.477] [exthost] [info] ExtensionService#loadCommonJSModule /home/miltfra/.vscode/extensions/coenraads.bracket-pair-colorizer-1.0.61/out/src/extension
[2019-01-21 19:17:41.488] [exthost] [info] ExtensionService#_doActivateExtension eamodio.gitlens {"startup":true,"activationEvent":"*"}
[2019-01-21 19:17:41.488] [exthost] [info] ExtensionService#loadCommonJSModule /home/miltfra/.vscode/extensions/eamodio.gitlens-9.4.1/dist/extension
[2019-01-21 19:17:41.551] [exthost] [info] ExtensionService#_doActivateExtension PKief.material-icon-theme {"startup":true,"activationEvent":"*"}
[2019-01-21 19:17:41.551] [exthost] [info] ExtensionService#loadCommonJSModule /home/miltfra/.vscode/extensions/pkief.material-icon-theme-3.6.2/out/src/extension
[2019-01-21 19:17:41.570] [exthost] [info] ExtensionService#_doActivateExtension vscodevim.vim {"startup":true,"activationEvent":"*"}
[2019-01-21 19:17:41.570] [exthost] [info] ExtensionService#loadCommonJSModule /home/miltfra/.vscode/extensions/vscodevim.vim-1.0.3/out/extension
[2019-01-21 19:17:41.767] [exthost] [info] ExtensionService#_doActivateExtension ms-vscode.Go {"startup":false,"activationEvent":"onLanguage:go"}
[2019-01-21 19:17:41.767] [exthost] [info] ExtensionService#loadCommonJSModule /home/miltfra/.vscode/extensions/ms-vscode.go-0.8.0/out/src/goMain
[2019-01-21 19:17:41.855] [exthost] [info] eager extensions activated
[2019-01-21 19:19:04.963] [exthost] [error] [ms-vscode.Go] provider FAILED
[2019-01-21 19:19:04.963] [exthost] [error] Check the console in dev tools to find errors when formatting.
[2019-01-21 19:19:58.730] [exthost] [error] [ms-vscode.Go] provider FAILED
[2019-01-21 19:19:58.730] [exthost] [error] Check the console in dev tools to find errors when formatting.
[2019-01-21 19:24:49.947] [exthost] [error] [ms-vscode.Go] provider FAILED
[2019-01-21 19:24:49.949] [exthost] [error] Error: name must not be falsy
	at Function.e.validate (/opt/visual-studio-code/resources/app/out/vs/workbench/node/extensionHostProcess.js:357:484)
	at new e (/opt/visual-studio-code/resources/app/out/vs/workbench/node/extensionHostProcess.js:357:422)
	at byteOffsetToDocumentOffset.forEach.decl (/home/miltfra/.vscode/extensions/ms-vscode.go-0.8.0/out/src/goOutline.js:103:26)
	at Array.forEach (<anonymous>)
	at convertToCodeSymbols (/home/miltfra/.vscode/extensions/ms-vscode.go-0.8.0/out/src/goOutline.js:83:19)
	at runGoOutline.then.decls (/home/miltfra/.vscode/extensions/ms-vscode.go-0.8.0/out/src/goOutline.js:20:9)
	at <anonymous>
[2019-01-21 19:26:43.062] [exthost] [error] [ms-vscode.Go] provider FAILED
[2019-01-21 19:26:43.062] [exthost] [error] Error: name must not be falsy
	at Function.e.validate (/opt/visual-studio-code/resources/app/out/vs/workbench/node/extensionHostProcess.js:357:484)
	at new e (/opt/visual-studio-code/resources/app/out/vs/workbench/node/extensionHostProcess.js:357:422)
	at byteOffsetToDocumentOffset.forEach.decl (/home/miltfra/.vscode/extensions/ms-vscode.go-0.8.0/out/src/goOutline.js:103:26)
	at Array.forEach (<anonymous>)
	at convertToCodeSymbols (/home/miltfra/.vscode/extensions/ms-vscode.go-0.8.0/out/src/goOutline.js:83:19)
	at runGoOutline.then.decls (/home/miltfra/.vscode/extensions/ms-vscode.go-0.8.0/out/src/goOutline.js:20:9)
	at <anonymous>
[2019-01-21 19:27:46.020] [exthost] [error] [ms-vscode.Go] provider FAILED
[2019-01-21 19:27:46.020] [exthost] [error] Check the console in dev tools to find errors when formatting.
[2019-01-21 19:27:53.683] [exthost] [error] [ms-vscode.Go] provider FAILED
[2019-01-21 19:27:53.683] [exthost] [error] Command failed: /home/miltfra/go/bin/godef -t -i -f /home/miltfra/go/src/github.com/miltfra/tsp/main.go -o 831
godef: no identifier found

[2019-01-21 19:39:06.006] [exthost] [error] [ms-vscode.Go] provider FAILED
[2019-01-21 19:39:06.006] [exthost] [error] Check the console in dev tools to find errors when formatting.
[2019-01-21 19:39:06.536] [exthost] [error] [ms-vscode.Go] provider FAILED
[2019-01-21 19:39:06.536] [exthost] [error] Check the console in dev tools to find errors when formatting.
[2019-01-21 19:40:46.684] [exthost] [error] [ms-vscode.Go] provider FAILED
[2019-01-21 19:40:46.684] [exthost] [error] Error: name must not be falsy
	at Function.e.validate (/opt/visual-studio-code/resources/app/out/vs/workbench/node/extensionHostProcess.js:357:484)
	at new e (/opt/visual-studio-code/resources/app/out/vs/workbench/node/extensionHostProcess.js:357:422)
	at byteOffsetToDocumentOffset.forEach.decl (/home/miltfra/.vscode/extensions/ms-vscode.go-0.8.0/out/src/goOutline.js:103:26)
	at Array.forEach (<anonymous>)
	at convertToCodeSymbols (/home/miltfra/.vscode/extensions/ms-vscode.go-0.8.0/out/src/goOutline.js:83:19)
	at runGoOutline.then.decls (/home/miltfra/.vscode/extensions/ms-vscode.go-0.8.0/out/src/goOutline.js:20:9)
	at <anonymous>
[2019-01-21 19:40:50.288] [exthost] [error] [ms-vscode.Go] provider FAILED
[2019-01-21 19:40:50.288] [exthost] [error] Error: name must not be falsy
	at Function.e.validate (/opt/visual-studio-code/resources/app/out/vs/workbench/node/extensionHostProcess.js:357:484)
	at new e (/opt/visual-studio-code/resources/app/out/vs/workbench/node/extensionHostProcess.js:357:422)
	at byteOffsetToDocumentOffset.forEach.decl (/home/miltfra/.vscode/extensions/ms-vscode.go-0.8.0/out/src/goOutline.js:103:26)
	at Array.forEach (<anonymous>)
	at convertToCodeSymbols (/home/miltfra/.vscode/extensions/ms-vscode.go-0.8.0/out/src/goOutline.js:83:19)
	at runGoOutline.then.decls (/home/miltfra/.vscode/extensions/ms-vscode.go-0.8.0/out/src/goOutline.js:20:9)
	at <anonymous>
[2019-01-21 19:40:50.962] [exthost] [error] [ms-vscode.Go] provider FAILED
[2019-01-21 19:40:50.962] [exthost] [error] Error: name must not be falsy
	at Function.e.validate (/opt/visual-studio-code/resources/app/out/vs/workbench/node/extensionHostProcess.js:357:484)
	at new e (/opt/visual-studio-code/resources/app/out/vs/workbench/node/extensionHostProcess.js:357:422)
	at byteOffsetToDocumentOffset.forEach.decl (/home/miltfra/.vscode/extensions/ms-vscode.go-0.8.0/out/src/goOutline.js:103:26)
	at Array.forEach (<anonymous>)
	at convertToCodeSymbols (/home/miltfra/.vscode/extensions/ms-vscode.go-0.8.0/out/src/goOutline.js:83:19)
	at runGoOutline.then.decls (/home/miltfra/.vscode/extensions/ms-vscode.go-0.8.0/out/src/goOutline.js:20:9)
	at <anonymous>
[2019-01-21 19:40:57.702] [exthost] [error] [ms-vscode.Go] provider FAILED
[2019-01-21 19:40:57.702] [exthost] [error] Error: name must not be falsy
	at Function.e.validate (/opt/visual-studio-code/resources/app/out/vs/workbench/node/extensionHostProcess.js:357:484)
	at new e (/opt/visual-studio-code/resources/app/out/vs/workbench/node/extensionHostProcess.js:357:422)
	at byteOffsetToDocumentOffset.forEach.decl (/home/miltfra/.vscode/extensions/ms-vscode.go-0.8.0/out/src/goOutline.js:103:26)
	at Array.forEach (<anonymous>)
	at convertToCodeSymbols (/home/miltfra/.vscode/extensions/ms-vscode.go-0.8.0/out/src/goOutline.js:83:19)
	at runGoOutline.then.decls (/home/miltfra/.vscode/extensions/ms-vscode.go-0.8.0/out/src/goOutline.js:20:9)
	at <anonymous>
[2019-01-21 19:41:58.748] [exthost] [error] [ms-vscode.Go] provider FAILED
[2019-01-21 19:41:58.748] [exthost] [error] Error: name must not be falsy
	at Function.e.validate (/opt/visual-studio-code/resources/app/out/vs/workbench/node/extensionHostProcess.js:357:484)
	at new e (/opt/visual-studio-code/resources/app/out/vs/workbench/node/extensionHostProcess.js:357:422)
	at byteOffsetToDocumentOffset.forEach.decl (/home/miltfra/.vscode/extensions/ms-vscode.go-0.8.0/out/src/goOutline.js:103:26)
	at Array.forEach (<anonymous>)
	at convertToCodeSymbols (/home/miltfra/.vscode/extensions/ms-vscode.go-0.8.0/out/src/goOutline.js:83:19)
	at runGoOutline.then.decls (/home/miltfra/.vscode/extensions/ms-vscode.go-0.8.0/out/src/goOutline.js:20:9)
	at <anonymous>
[2019-01-21 19:42:01.869] [exthost] [error] [ms-vscode.Go] provider FAILED
[2019-01-21 19:42:01.869] [exthost] [error] Error: name must not be falsy
	at Function.e.validate (/opt/visual-studio-code/resources/app/out/vs/workbench/node/extensionHostProcess.js:357:484)
	at new e (/opt/visual-studio-code/resources/app/out/vs/workbench/node/extensionHostProcess.js:357:422)
	at byteOffsetToDocumentOffset.forEach.decl (/home/miltfra/.vscode/extensions/ms-vscode.go-0.8.0/out/src/goOutline.js:103:26)
	at Array.forEach (<anonymous>)
	at convertToCodeSymbols (/home/miltfra/.vscode/extensions/ms-vscode.go-0.8.0/out/src/goOutline.js:83:19)
	at runGoOutline.then.decls (/home/miltfra/.vscode/extensions/ms-vscode.go-0.8.0/out/src/goOutline.js:20:9)
	at <anonymous>
[2019-01-21 19:42:02.492] [exthost] [error] [ms-vscode.Go] provider FAILED
[2019-01-21 19:42:02.492] [exthost] [error] Check the console in dev tools to find errors when formatting.
[2019-01-21 19:42:59.901] [exthost] [error] [ms-vscode.Go] provider FAILED
[2019-01-21 19:42:59.901] [exthost] [error] Error: name must not be falsy
	at Function.e.validate (/opt/visual-studio-code/resources/app/out/vs/workbench/node/extensionHostProcess.js:357:484)
	at new e (/opt/visual-studio-code/resources/app/out/vs/workbench/node/extensionHostProcess.js:357:422)
	at byteOffsetToDocumentOffset.forEach.decl (/home/miltfra/.vscode/extensions/ms-vscode.go-0.8.0/out/src/goOutline.js:103:26)
	at Array.forEach (<anonymous>)
	at convertToCodeSymbols (/home/miltfra/.vscode/extensions/ms-vscode.go-0.8.0/out/src/goOutline.js:83:19)
	at runGoOutline.then.decls (/home/miltfra/.vscode/extensions/ms-vscode.go-0.8.0/out/src/goOutline.js:20:9)
	at <anonymous>
[2019-01-21 19:43:49.559] [exthost] [error] [ms-vscode.Go] provider FAILED
[2019-01-21 19:43:49.559] [exthost] [error] Error: name must not be falsy
	at Function.e.validate (/opt/visual-studio-code/resources/app/out/vs/workbench/node/extensionHostProcess.js:357:484)
	at new e (/opt/visual-studio-code/resources/app/out/vs/workbench/node/extensionHostProcess.js:357:422)
	at byteOffsetToDocumentOffset.forEach.decl (/home/miltfra/.vscode/extensions/ms-vscode.go-0.8.0/out/src/goOutline.js:103:26)
	at Array.forEach (<anonymous>)
	at convertToCodeSymbols (/home/miltfra/.vscode/extensions/ms-vscode.go-0.8.0/out/src/goOutline.js:83:19)
	at runGoOutline.then.decls (/home/miltfra/.vscode/extensions/ms-vscode.go-0.8.0/out/src/goOutline.js:20:9)
	at <anonymous>
[2019-01-21 19:57:41.751] [exthost] [error] [ms-vscode.Go] provider FAILED
[2019-01-21 19:57:41.751] [exthost] [error] Error: name must not be falsy
	at Function.e.validate (/opt/visual-studio-code/resources/app/out/vs/workbench/node/extensionHostProcess.js:357:484)
	at new e (/opt/visual-studio-code/resources/app/out/vs/workbench/node/extensionHostProcess.js:357:422)
	at byteOffsetToDocumentOffset.forEach.decl (/home/miltfra/.vscode/extensions/ms-vscode.go-0.8.0/out/src/goOutline.js:103:26)
	at Array.forEach (<anonymous>)
	at convertToCodeSymbols (/home/miltfra/.vscode/extensions/ms-vscode.go-0.8.0/out/src/goOutline.js:83:19)
	at runGoOutline.then.decls (/home/miltfra/.vscode/extensions/ms-vscode.go-0.8.0/out/src/goOutline.js:20:9)
	at <anonymous>
[2019-01-21 19:57:42.120] [exthost] [error] [ms-vscode.Go] provider FAILED
[2019-01-21 19:57:42.120] [exthost] [error] Error: name must not be falsy
	at Function.e.validate (/opt/visual-studio-code/resources/app/out/vs/workbench/node/extensionHostProcess.js:357:484)
	at new e (/opt/visual-studio-code/resources/app/out/vs/workbench/node/extensionHostProcess.js:357:422)
	at byteOffsetToDocumentOffset.forEach.decl (/home/miltfra/.vscode/extensions/ms-vscode.go-0.8.0/out/src/goOutline.js:103:26)
	at Array.forEach (<anonymous>)
	at convertToCodeSymbols (/home/miltfra/.vscode/extensions/ms-vscode.go-0.8.0/out/src/goOutline.js:83:19)
	at runGoOutline.then.decls (/home/miltfra/.vscode/extensions/ms-vscode.go-0.8.0/out/src/goOutline.js:20:9)
	at <anonymous>
[2019-01-21 19:57:43.203] [exthost] [error] [ms-vscode.Go] provider FAILED
[2019-01-21 19:57:43.204] [exthost] [error] Error: name must not be falsy
	at Function.e.validate (/opt/visual-studio-code/resources/app/out/vs/workbench/node/extensionHostProcess.js:357:484)
	at new e (/opt/visual-studio-code/resources/app/out/vs/workbench/node/extensionHostProcess.js:357:422)
	at byteOffsetToDocumentOffset.forEach.decl (/home/miltfra/.vscode/extensions/ms-vscode.go-0.8.0/out/src/goOutline.js:103:26)
	at Array.forEach (<anonymous>)
	at convertToCodeSymbols (/home/miltfra/.vscode/extensions/ms-vscode.go-0.8.0/out/src/goOutline.js:83:19)
	at runGoOutline.then.decls (/home/miltfra/.vscode/extensions/ms-vscode.go-0.8.0/out/src/goOutline.js:20:9)
	at <anonymous>
[2019-01-21 20:18:22.226] [exthost] [error] [ms-vscode.Go] provider FAILED
[2019-01-21 20:18:22.226] [exthost] [error] Error: name must not be falsy
	at Function.e.validate (/opt/visual-studio-code/resources/app/out/vs/workbench/node/extensionHostProcess.js:357:484)
	at new e (/opt/visual-studio-code/resources/app/out/vs/workbench/node/extensionHostProcess.js:357:422)
	at byteOffsetToDocumentOffset.forEach.decl (/home/miltfra/.vscode/extensions/ms-vscode.go-0.8.0/out/src/goOutline.js:103:26)
	at Array.forEach (<anonymous>)
	at convertToCodeSymbols (/home/miltfra/.vscode/extensions/ms-vscode.go-0.8.0/out/src/goOutline.js:83:19)
	at runGoOutline.then.decls (/home/miltfra/.vscode/extensions/ms-vscode.go-0.8.0/out/src/goOutline.js:20:9)
	at <anonymous>
[2019-01-21 20:18:29.840] [exthost] [error] [ms-vscode.Go] provider FAILED
[2019-01-21 20:18:29.840] [exthost] [error] Error: name must not be falsy
	at Function.e.validate (/opt/visual-studio-code/resources/app/out/vs/workbench/node/extensionHostProcess.js:357:484)
	at new e (/opt/visual-studio-code/resources/app/out/vs/workbench/node/extensionHostProcess.js:357:422)
	at byteOffsetToDocumentOffset.forEach.decl (/home/miltfra/.vscode/extensions/ms-vscode.go-0.8.0/out/src/goOutline.js:103:26)
	at Array.forEach (<anonymous>)
	at convertToCodeSymbols (/home/miltfra/.vscode/extensions/ms-vscode.go-0.8.0/out/src/goOutline.js:83:19)
	at runGoOutline.then.decls (/home/miltfra/.vscode/extensions/ms-vscode.go-0.8.0/out/src/goOutline.js:20:9)
	at <anonymous>
[2019-01-21 20:18:30.220] [exthost] [error] [ms-vscode.Go] provider FAILED
[2019-01-21 20:18:30.220] [exthost] [error] Error: name must not be falsy
	at Function.e.validate (/opt/visual-studio-code/resources/app/out/vs/workbench/node/extensionHostProcess.js:357:484)
	at new e (/opt/visual-studio-code/resources/app/out/vs/workbench/node/extensionHostProcess.js:357:422)
	at byteOffsetToDocumentOffset.forEach.decl (/home/miltfra/.vscode/extensions/ms-vscode.go-0.8.0/out/src/goOutline.js:103:26)
	at Array.forEach (<anonymous>)
	at convertToCodeSymbols (/home/miltfra/.vscode/extensions/ms-vscode.go-0.8.0/out/src/goOutline.js:83:19)
	at runGoOutline.then.decls (/home/miltfra/.vscode/extensions/ms-vscode.go-0.8.0/out/src/goOutline.js:20:9)
	at <anonymous>
[2019-01-21 20:33:35.043] [exthost] [error] [ms-vscode.Go] provider FAILED
[2019-01-21 20:33:35.043] [exthost] [error] Command failed: /home/miltfra/go/bin/godef -t -i -f /home/miltfra/go/src/github.com/miltfra/tsp/bb.go -o 445
godef: no identifier found

[2019-01-21 20:56:57.003] [exthost] [error] [ms-vscode.Go] provider FAILED
[2019-01-21 20:56:57.003] [exthost] [error] Check the console in dev tools to find errors when formatting.
