[2019-01-21 19:16:39.987] [sharedprocess] [info] main {"machineId":"7e7e30900b0dba6a5864663370066ccb2459feb84b8c8f83970d1a9d4e71981e"}
[2019-01-21 19:16:40.127] [sharedprocess] [info] Scanned user extensions: 39
[2019-01-21 19:16:40.149] [sharedprocess] [info] Scanned user extensions: 39
[2019-01-21 19:16:40.171] [sharedprocess] [info] Scanned system extensions: 71
[2019-01-21 19:16:40.181] [sharedprocess] [info] Scanned system extensions: 71
[2019-01-21 19:16:40.304] [sharedprocess] [info] Deleted from disk vscodevim.vim-1.0.2
[2019-01-21 19:16:40.308] [sharedprocess] [info] Scanned user extensions: 39
[2019-01-21 19:16:50.432] [sharedprocess] [info] Scanned user extensions: 39
[2019-01-21 19:16:50.442] [sharedprocess] [info] Scanned system extensions: 71
[2019-01-21 19:16:50.530] [sharedprocess] [info] Scanned user extensions: 39
[2019-01-21 19:16:50.536] [sharedprocess] [info] Scanned user extensions: 39
[2019-01-21 19:16:50.551] [sharedprocess] [info] Scanned system extensions: 71
[2019-01-21 19:16:50.559] [sharedprocess] [info] Scanned system extensions: 71
[2019-01-21 19:16:51.507] [sharedprocess] [info] Scanned user extensions: 39
[2019-01-21 19:17:08.052] [sharedprocess] [info] Scanned user extensions: 39
[2019-01-21 19:17:08.062] [sharedprocess] [info] Scanned system extensions: 71
[2019-01-21 19:17:08.117] [sharedprocess] [info] Scanned user extensions: 39
[2019-01-21 19:17:08.126] [sharedprocess] [info] Scanned system extensions: 71
[2019-01-21 19:17:08.720] [sharedprocess] [info] Scanned user extensions: 39
[2019-01-21 19:17:19.992] [sharedprocess] [info] Starting to clean up unused language packs.
[2019-01-21 19:22:08.818] [sharedprocess] [info] Scanned user extensions: 39
[2019-01-21 19:27:08.966] [sharedprocess] [info] Scanned user extensions: 39
[2019-01-21 19:32:09.106] [sharedprocess] [info] Scanned user extensions: 39
[2019-01-21 19:37:09.213] [sharedprocess] [info] Scanned user extensions: 39
[2019-01-21 19:42:09.350] [sharedprocess] [info] Scanned user extensions: 39
[2019-01-21 19:47:09.488] [sharedprocess] [info] Scanned user extensions: 39
[2019-01-21 19:52:09.624] [sharedprocess] [info] Scanned user extensions: 39
[2019-01-21 19:57:09.787] [sharedprocess] [info] Scanned user extensions: 39
[2019-01-21 20:02:09.916] [sharedprocess] [info] Scanned user extensions: 39
[2019-01-21 20:07:10.061] [sharedprocess] [info] Scanned user extensions: 39
[2019-01-21 20:12:10.198] [sharedprocess] [info] Scanned user extensions: 39
[2019-01-21 20:17:10.530] [sharedprocess] [info] Scanned user extensions: 39
[2019-01-21 20:22:10.670] [sharedprocess] [info] Scanned user extensions: 39
[2019-01-21 20:27:10.833] [sharedprocess] [info] Scanned user extensions: 39
[2019-01-21 20:32:10.973] [sharedprocess] [info] Scanned user extensions: 39
[2019-01-21 20:37:11.105] [sharedprocess] [info] Scanned user extensions: 39
[2019-01-21 20:42:11.240] [sharedprocess] [info] Scanned user extensions: 39
[2019-01-21 20:47:11.377] [sharedprocess] [info] Scanned user extensions: 39
[2019-01-21 20:52:11.512] [sharedprocess] [info] Scanned user extensions: 39
[2019-01-21 20:57:11.668] [sharedprocess] [info] Scanned user extensions: 39
[2019-01-21 21:02:11.772] [sharedprocess] [info] Scanned user extensions: 39
[2019-01-21 21:07:11.898] [sharedprocess] [info] Scanned user extensions: 39
[2019-01-21 21:12:12.034] [sharedprocess] [info] Scanned user extensions: 39
[2019-01-21 21:17:12.330] [sharedprocess] [info] Scanned user extensions: 39
[2019-01-21 21:22:12.451] [sharedprocess] [info] Scanned user extensions: 39
[2019-01-21 21:27:12.605] [sharedprocess] [info] Scanned user extensions: 39
[2019-01-21 21:32:12.759] [sharedprocess] [info] Scanned user extensions: 39
[2019-01-21 21:37:12.898] [sharedprocess] [info] Scanned user extensions: 39
[2019-01-21 21:42:13.024] [sharedprocess] [info] Scanned user extensions: 39
[2019-01-21 21:47:13.125] [sharedprocess] [info] Scanned user extensions: 39
[2019-01-21 21:52:13.255] [sharedprocess] [info] Scanned user extensions: 39
[2019-01-21 21:57:13.387] [sharedprocess] [info] Scanned user extensions: 39
[2019-01-21 22:02:13.524] [sharedprocess] [info] Scanned user extensions: 39
[2019-01-21 22:07:13.699] [sharedprocess] [info] Scanned user extensions: 39
[2019-01-21 22:12:13.843] [sharedprocess] [info] Scanned user extensions: 39
[2019-01-21 22:17:14.098] [sharedprocess] [info] Scanned user extensions: 39
[2019-01-21 22:22:14.174] [sharedprocess] [info] Scanned user extensions: 39
