[2019-01-21 16:39:26.885] [exthost] [info] extension host started
[2019-01-21 16:39:26.894] [exthost] [info] ExtensionService#_doActivateExtension vscode.debug-auto-launch {"startup":true,"activationEvent":"*"}
[2019-01-21 16:39:26.894] [exthost] [info] ExtensionService#loadCommonJSModule /opt/visual-studio-code/resources/app/extensions/debug-auto-launch/dist/extension
[2019-01-21 16:39:26.895] [exthost] [info] ExtensionService#_doActivateExtension vscode.emmet {"startup":true,"activationEvent":"*"}
[2019-01-21 16:39:26.895] [exthost] [info] ExtensionService#loadCommonJSModule /opt/visual-studio-code/resources/app/extensions/emmet/dist/extension
[2019-01-21 16:39:26.898] [exthost] [info] ExtensionService#_doActivateExtension vscode.git {"startup":true,"activationEvent":"*"}
[2019-01-21 16:39:26.898] [exthost] [info] ExtensionService#loadCommonJSModule /opt/visual-studio-code/resources/app/extensions/git/dist/main
[2019-01-21 16:39:26.916] [exthost] [info] ExtensionService#_doActivateExtension vscode.merge-conflict {"startup":true,"activationEvent":"*"}
[2019-01-21 16:39:26.916] [exthost] [info] ExtensionService#loadCommonJSModule /opt/visual-studio-code/resources/app/extensions/merge-conflict/dist/extension
[2019-01-21 16:39:26.918] [exthost] [info] ExtensionService#_doActivateExtension alefragnani.project-manager {"startup":true,"activationEvent":"*"}
[2019-01-21 16:39:26.918] [exthost] [info] ExtensionService#loadCommonJSModule /home/miltfra/.vscode/extensions/alefragnani.project-manager-10.3.0/out/src/extension
[2019-01-21 16:39:26.928] [exthost] [info] ExtensionService#_doActivateExtension CoenraadS.bracket-pair-colorizer {"startup":true,"activationEvent":"*"}
[2019-01-21 16:39:26.929] [exthost] [info] ExtensionService#loadCommonJSModule /home/miltfra/.vscode/extensions/coenraads.bracket-pair-colorizer-1.0.61/out/src/extension
[2019-01-21 16:39:26.939] [exthost] [info] ExtensionService#_doActivateExtension eamodio.gitlens {"startup":true,"activationEvent":"*"}
[2019-01-21 16:39:26.939] [exthost] [info] ExtensionService#loadCommonJSModule /home/miltfra/.vscode/extensions/eamodio.gitlens-9.4.1/dist/extension
[2019-01-21 16:39:26.957] [exthost] [info] ExtensionService#_doActivateExtension PKief.material-icon-theme {"startup":true,"activationEvent":"*"}
[2019-01-21 16:39:26.957] [exthost] [info] ExtensionService#loadCommonJSModule /home/miltfra/.vscode/extensions/pkief.material-icon-theme-3.6.2/out/src/extension
[2019-01-21 16:39:26.981] [exthost] [info] ExtensionService#_doActivateExtension vscodevim.vim {"startup":true,"activationEvent":"*"}
[2019-01-21 16:39:26.981] [exthost] [info] ExtensionService#loadCommonJSModule /home/miltfra/.vscode/extensions/vscodevim.vim-1.0.3/out/extension
[2019-01-21 16:39:27.223] [exthost] [info] eager extensions activated
