[2019-01-21 12:49:34.766] [renderer1] [error] net::ERR_INTERNET_DISCONNECTED: {1}
[2019-01-21 13:11:54.010] [renderer1] [error] An unknown error occurred. Please consult the log for more details.
[2019-01-21 13:15:45.865] [renderer1] [error] An unknown error occurred. Please consult the log for more details.
[2019-01-21 13:15:55.726] [renderer1] [error] An unknown error occurred. Please consult the log for more details.
[2019-01-21 13:15:58.477] [renderer1] [error] An unknown error occurred. Please consult the log for more details.
[2019-01-21 13:16:05.182] [renderer1] [error] An unknown error occurred. Please consult the log for more details.
[2019-01-21 13:16:42.007] [renderer1] [error] Data tree node not found: undefined: Error: Data tree node not found: undefined
    at i.e.getDataNode (file:///opt/visual-studio-code/resources/app/out/vs/workbench/workbench.main.js:974:860)
    at i.e.getNode (file:///opt/visual-studio-code/resources/app/out/vs/workbench/workbench.main.js:972:95)
    at file:///opt/visual-studio-code/resources/app/out/vs/workbench/workbench.main.js:4976:451
    at Array.every (<anonymous>)
    at file:///opt/visual-studio-code/resources/app/out/vs/workbench/workbench.main.js:4976:419
    at <anonymous>
    at process._tickCallback (internal/process/next_tick.js:188:7)
[2019-01-21 13:16:57.556] [renderer1] [error] Data tree node not found: undefined: Error: Data tree node not found: undefined
    at i.e.getDataNode (file:///opt/visual-studio-code/resources/app/out/vs/workbench/workbench.main.js:974:860)
    at i.e.getNode (file:///opt/visual-studio-code/resources/app/out/vs/workbench/workbench.main.js:972:95)
    at file:///opt/visual-studio-code/resources/app/out/vs/workbench/workbench.main.js:4976:451
    at Array.every (<anonymous>)
    at file:///opt/visual-studio-code/resources/app/out/vs/workbench/workbench.main.js:4976:419
    at <anonymous>
    at process._tickCallback (internal/process/next_tick.js:188:7)
[2019-01-21 13:17:00.847] [renderer1] [error] Data tree node not found: undefined: Error: Data tree node not found: undefined
    at i.e.getDataNode (file:///opt/visual-studio-code/resources/app/out/vs/workbench/workbench.main.js:974:860)
    at i.e.getNode (file:///opt/visual-studio-code/resources/app/out/vs/workbench/workbench.main.js:972:95)
    at file:///opt/visual-studio-code/resources/app/out/vs/workbench/workbench.main.js:4976:451
    at Array.every (<anonymous>)
    at file:///opt/visual-studio-code/resources/app/out/vs/workbench/workbench.main.js:4976:419
    at <anonymous>
    at process._tickCallback (internal/process/next_tick.js:188:7)
[2019-01-21 13:17:03.268] [renderer1] [error] Data tree node not found: undefined: Error: Data tree node not found: undefined
    at i.e.getDataNode (file:///opt/visual-studio-code/resources/app/out/vs/workbench/workbench.main.js:974:860)
    at i.e.getNode (file:///opt/visual-studio-code/resources/app/out/vs/workbench/workbench.main.js:972:95)
    at file:///opt/visual-studio-code/resources/app/out/vs/workbench/workbench.main.js:4976:451
    at Array.every (<anonymous>)
    at file:///opt/visual-studio-code/resources/app/out/vs/workbench/workbench.main.js:4976:419
    at <anonymous>
    at process._tickCallback (internal/process/next_tick.js:188:7)
