[2019-01-21 19:17:41.656] [renderer1] [info] standard startup
[2019-01-21 19:19:04.964] [renderer1] [error] An unknown error occurred. Please consult the log for more details.
[2019-01-21 19:19:58.731] [renderer1] [error] An unknown error occurred. Please consult the log for more details.
[2019-01-21 19:24:49.949] [renderer1] [error] name must not be falsy: Error: name must not be falsy
	at Function.e.validate (/opt/visual-studio-code/resources/app/out/vs/workbench/node/extensionHostProcess.js:357:484)
	at new e (/opt/visual-studio-code/resources/app/out/vs/workbench/node/extensionHostProcess.js:357:422)
	at byteOffsetToDocumentOffset.forEach.decl (/home/miltfra/.vscode/extensions/ms-vscode.go-0.8.0/out/src/goOutline.js:103:26)
	at Array.forEach (<anonymous>)
	at convertToCodeSymbols (/home/miltfra/.vscode/extensions/ms-vscode.go-0.8.0/out/src/goOutline.js:83:19)
	at runGoOutline.then.decls (/home/miltfra/.vscode/extensions/ms-vscode.go-0.8.0/out/src/goOutline.js:20:9)
	at <anonymous>
[2019-01-21 19:26:43.063] [renderer1] [error] name must not be falsy: Error: name must not be falsy
	at Function.e.validate (/opt/visual-studio-code/resources/app/out/vs/workbench/node/extensionHostProcess.js:357:484)
	at new e (/opt/visual-studio-code/resources/app/out/vs/workbench/node/extensionHostProcess.js:357:422)
	at byteOffsetToDocumentOffset.forEach.decl (/home/miltfra/.vscode/extensions/ms-vscode.go-0.8.0/out/src/goOutline.js:103:26)
	at Array.forEach (<anonymous>)
	at convertToCodeSymbols (/home/miltfra/.vscode/extensions/ms-vscode.go-0.8.0/out/src/goOutline.js:83:19)
	at runGoOutline.then.decls (/home/miltfra/.vscode/extensions/ms-vscode.go-0.8.0/out/src/goOutline.js:20:9)
	at <anonymous>
[2019-01-21 19:27:46.020] [renderer1] [error] An unknown error occurred. Please consult the log for more details.
[2019-01-21 19:27:53.684] [renderer1] [error] An unknown error occurred. Please consult the log for more details.
[2019-01-21 19:35:36.120] [renderer1] [error] Data tree node not found: undefined: Error: Data tree node not found: undefined
    at i.e.getDataNode (file:///opt/visual-studio-code/resources/app/out/vs/workbench/workbench.main.js:974:860)
    at i.e.getNode (file:///opt/visual-studio-code/resources/app/out/vs/workbench/workbench.main.js:972:95)
    at file:///opt/visual-studio-code/resources/app/out/vs/workbench/workbench.main.js:4976:451
    at Array.every (<anonymous>)
    at file:///opt/visual-studio-code/resources/app/out/vs/workbench/workbench.main.js:4976:419
    at <anonymous>
    at process._tickCallback (internal/process/next_tick.js:188:7)
[2019-01-21 19:35:44.820] [renderer1] [error] Data tree node not found: undefined: Error: Data tree node not found: undefined
    at i.e.getDataNode (file:///opt/visual-studio-code/resources/app/out/vs/workbench/workbench.main.js:974:860)
    at i.e.getNode (file:///opt/visual-studio-code/resources/app/out/vs/workbench/workbench.main.js:972:95)
    at file:///opt/visual-studio-code/resources/app/out/vs/workbench/workbench.main.js:4976:451
    at Array.every (<anonymous>)
    at file:///opt/visual-studio-code/resources/app/out/vs/workbench/workbench.main.js:4976:419
    at <anonymous>
    at process._tickCallback (internal/process/next_tick.js:188:7)
[2019-01-21 19:37:50.239] [renderer1] [error] Data tree node not found: undefined: Error: Data tree node not found: undefined
    at i.e.getDataNode (file:///opt/visual-studio-code/resources/app/out/vs/workbench/workbench.main.js:974:860)
    at i.e.getNode (file:///opt/visual-studio-code/resources/app/out/vs/workbench/workbench.main.js:972:95)
    at file:///opt/visual-studio-code/resources/app/out/vs/workbench/workbench.main.js:4976:451
    at Array.every (<anonymous>)
    at file:///opt/visual-studio-code/resources/app/out/vs/workbench/workbench.main.js:4976:419
    at <anonymous>
    at process._tickCallback (internal/process/next_tick.js:188:7)
[2019-01-21 19:37:54.402] [renderer1] [error] Data tree node not found: undefined: Error: Data tree node not found: undefined
    at i.e.getDataNode (file:///opt/visual-studio-code/resources/app/out/vs/workbench/workbench.main.js:974:860)
    at i.e.getNode (file:///opt/visual-studio-code/resources/app/out/vs/workbench/workbench.main.js:972:95)
    at file:///opt/visual-studio-code/resources/app/out/vs/workbench/workbench.main.js:4976:451
    at Array.every (<anonymous>)
    at file:///opt/visual-studio-code/resources/app/out/vs/workbench/workbench.main.js:4976:419
    at <anonymous>
    at process._tickCallback (internal/process/next_tick.js:188:7)
[2019-01-21 19:39:06.007] [renderer1] [error] An unknown error occurred. Please consult the log for more details.
[2019-01-21 19:40:28.241] [renderer1] [error] Data tree node not found: undefined: Error: Data tree node not found: undefined
    at i.e.getDataNode (file:///opt/visual-studio-code/resources/app/out/vs/workbench/workbench.main.js:974:860)
    at i.e.getNode (file:///opt/visual-studio-code/resources/app/out/vs/workbench/workbench.main.js:972:95)
    at file:///opt/visual-studio-code/resources/app/out/vs/workbench/workbench.main.js:4976:451
    at Array.every (<anonymous>)
    at file:///opt/visual-studio-code/resources/app/out/vs/workbench/workbench.main.js:4976:419
    at <anonymous>
    at process._tickCallback (internal/process/next_tick.js:188:7)
[2019-01-21 19:40:46.684] [renderer1] [error] name must not be falsy: Error: name must not be falsy
	at Function.e.validate (/opt/visual-studio-code/resources/app/out/vs/workbench/node/extensionHostProcess.js:357:484)
	at new e (/opt/visual-studio-code/resources/app/out/vs/workbench/node/extensionHostProcess.js:357:422)
	at byteOffsetToDocumentOffset.forEach.decl (/home/miltfra/.vscode/extensions/ms-vscode.go-0.8.0/out/src/goOutline.js:103:26)
	at Array.forEach (<anonymous>)
	at convertToCodeSymbols (/home/miltfra/.vscode/extensions/ms-vscode.go-0.8.0/out/src/goOutline.js:83:19)
	at runGoOutline.then.decls (/home/miltfra/.vscode/extensions/ms-vscode.go-0.8.0/out/src/goOutline.js:20:9)
	at <anonymous>
[2019-01-21 19:40:50.289] [renderer1] [error] name must not be falsy: Error: name must not be falsy
	at Function.e.validate (/opt/visual-studio-code/resources/app/out/vs/workbench/node/extensionHostProcess.js:357:484)
	at new e (/opt/visual-studio-code/resources/app/out/vs/workbench/node/extensionHostProcess.js:357:422)
	at byteOffsetToDocumentOffset.forEach.decl (/home/miltfra/.vscode/extensions/ms-vscode.go-0.8.0/out/src/goOutline.js:103:26)
	at Array.forEach (<anonymous>)
	at convertToCodeSymbols (/home/miltfra/.vscode/extensions/ms-vscode.go-0.8.0/out/src/goOutline.js:83:19)
	at runGoOutline.then.decls (/home/miltfra/.vscode/extensions/ms-vscode.go-0.8.0/out/src/goOutline.js:20:9)
	at <anonymous>
[2019-01-21 19:40:57.703] [renderer1] [error] name must not be falsy: Error: name must not be falsy
	at Function.e.validate (/opt/visual-studio-code/resources/app/out/vs/workbench/node/extensionHostProcess.js:357:484)
	at new e (/opt/visual-studio-code/resources/app/out/vs/workbench/node/extensionHostProcess.js:357:422)
	at byteOffsetToDocumentOffset.forEach.decl (/home/miltfra/.vscode/extensions/ms-vscode.go-0.8.0/out/src/goOutline.js:103:26)
	at Array.forEach (<anonymous>)
	at convertToCodeSymbols (/home/miltfra/.vscode/extensions/ms-vscode.go-0.8.0/out/src/goOutline.js:83:19)
	at runGoOutline.then.decls (/home/miltfra/.vscode/extensions/ms-vscode.go-0.8.0/out/src/goOutline.js:20:9)
	at <anonymous>
[2019-01-21 19:41:58.749] [renderer1] [error] name must not be falsy: Error: name must not be falsy
	at Function.e.validate (/opt/visual-studio-code/resources/app/out/vs/workbench/node/extensionHostProcess.js:357:484)
	at new e (/opt/visual-studio-code/resources/app/out/vs/workbench/node/extensionHostProcess.js:357:422)
	at byteOffsetToDocumentOffset.forEach.decl (/home/miltfra/.vscode/extensions/ms-vscode.go-0.8.0/out/src/goOutline.js:103:26)
	at Array.forEach (<anonymous>)
	at convertToCodeSymbols (/home/miltfra/.vscode/extensions/ms-vscode.go-0.8.0/out/src/goOutline.js:83:19)
	at runGoOutline.then.decls (/home/miltfra/.vscode/extensions/ms-vscode.go-0.8.0/out/src/goOutline.js:20:9)
	at <anonymous>
[2019-01-21 19:42:01.869] [renderer1] [error] name must not be falsy: Error: name must not be falsy
	at Function.e.validate (/opt/visual-studio-code/resources/app/out/vs/workbench/node/extensionHostProcess.js:357:484)
	at new e (/opt/visual-studio-code/resources/app/out/vs/workbench/node/extensionHostProcess.js:357:422)
	at byteOffsetToDocumentOffset.forEach.decl (/home/miltfra/.vscode/extensions/ms-vscode.go-0.8.0/out/src/goOutline.js:103:26)
	at Array.forEach (<anonymous>)
	at convertToCodeSymbols (/home/miltfra/.vscode/extensions/ms-vscode.go-0.8.0/out/src/goOutline.js:83:19)
	at runGoOutline.then.decls (/home/miltfra/.vscode/extensions/ms-vscode.go-0.8.0/out/src/goOutline.js:20:9)
	at <anonymous>
[2019-01-21 19:42:02.492] [renderer1] [error] An unknown error occurred. Please consult the log for more details.
[2019-01-21 19:42:59.902] [renderer1] [error] name must not be falsy: Error: name must not be falsy
	at Function.e.validate (/opt/visual-studio-code/resources/app/out/vs/workbench/node/extensionHostProcess.js:357:484)
	at new e (/opt/visual-studio-code/resources/app/out/vs/workbench/node/extensionHostProcess.js:357:422)
	at byteOffsetToDocumentOffset.forEach.decl (/home/miltfra/.vscode/extensions/ms-vscode.go-0.8.0/out/src/goOutline.js:103:26)
	at Array.forEach (<anonymous>)
	at convertToCodeSymbols (/home/miltfra/.vscode/extensions/ms-vscode.go-0.8.0/out/src/goOutline.js:83:19)
	at runGoOutline.then.decls (/home/miltfra/.vscode/extensions/ms-vscode.go-0.8.0/out/src/goOutline.js:20:9)
	at <anonymous>
[2019-01-21 19:43:49.560] [renderer1] [error] name must not be falsy: Error: name must not be falsy
	at Function.e.validate (/opt/visual-studio-code/resources/app/out/vs/workbench/node/extensionHostProcess.js:357:484)
	at new e (/opt/visual-studio-code/resources/app/out/vs/workbench/node/extensionHostProcess.js:357:422)
	at byteOffsetToDocumentOffset.forEach.decl (/home/miltfra/.vscode/extensions/ms-vscode.go-0.8.0/out/src/goOutline.js:103:26)
	at Array.forEach (<anonymous>)
	at convertToCodeSymbols (/home/miltfra/.vscode/extensions/ms-vscode.go-0.8.0/out/src/goOutline.js:83:19)
	at runGoOutline.then.decls (/home/miltfra/.vscode/extensions/ms-vscode.go-0.8.0/out/src/goOutline.js:20:9)
	at <anonymous>
[2019-01-21 19:50:07.074] [renderer1] [error] Data tree node not found: undefined: Error: Data tree node not found: undefined
    at i.e.getDataNode (file:///opt/visual-studio-code/resources/app/out/vs/workbench/workbench.main.js:974:860)
    at i.e.getNode (file:///opt/visual-studio-code/resources/app/out/vs/workbench/workbench.main.js:972:95)
    at file:///opt/visual-studio-code/resources/app/out/vs/workbench/workbench.main.js:4976:451
    at Array.every (<anonymous>)
    at file:///opt/visual-studio-code/resources/app/out/vs/workbench/workbench.main.js:4976:419
    at <anonymous>
    at process._tickCallback (internal/process/next_tick.js:188:7)
[2019-01-21 19:57:41.751] [renderer1] [error] name must not be falsy: Error: name must not be falsy
	at Function.e.validate (/opt/visual-studio-code/resources/app/out/vs/workbench/node/extensionHostProcess.js:357:484)
	at new e (/opt/visual-studio-code/resources/app/out/vs/workbench/node/extensionHostProcess.js:357:422)
	at byteOffsetToDocumentOffset.forEach.decl (/home/miltfra/.vscode/extensions/ms-vscode.go-0.8.0/out/src/goOutline.js:103:26)
	at Array.forEach (<anonymous>)
	at convertToCodeSymbols (/home/miltfra/.vscode/extensions/ms-vscode.go-0.8.0/out/src/goOutline.js:83:19)
	at runGoOutline.then.decls (/home/miltfra/.vscode/extensions/ms-vscode.go-0.8.0/out/src/goOutline.js:20:9)
	at <anonymous>
[2019-01-21 19:57:43.207] [renderer1] [error] name must not be falsy: Error: name must not be falsy
	at Function.e.validate (/opt/visual-studio-code/resources/app/out/vs/workbench/node/extensionHostProcess.js:357:484)
	at new e (/opt/visual-studio-code/resources/app/out/vs/workbench/node/extensionHostProcess.js:357:422)
	at byteOffsetToDocumentOffset.forEach.decl (/home/miltfra/.vscode/extensions/ms-vscode.go-0.8.0/out/src/goOutline.js:103:26)
	at Array.forEach (<anonymous>)
	at convertToCodeSymbols (/home/miltfra/.vscode/extensions/ms-vscode.go-0.8.0/out/src/goOutline.js:83:19)
	at runGoOutline.then.decls (/home/miltfra/.vscode/extensions/ms-vscode.go-0.8.0/out/src/goOutline.js:20:9)
	at <anonymous>
[2019-01-21 20:18:22.227] [renderer1] [error] name must not be falsy: Error: name must not be falsy
	at Function.e.validate (/opt/visual-studio-code/resources/app/out/vs/workbench/node/extensionHostProcess.js:357:484)
	at new e (/opt/visual-studio-code/resources/app/out/vs/workbench/node/extensionHostProcess.js:357:422)
	at byteOffsetToDocumentOffset.forEach.decl (/home/miltfra/.vscode/extensions/ms-vscode.go-0.8.0/out/src/goOutline.js:103:26)
	at Array.forEach (<anonymous>)
	at convertToCodeSymbols (/home/miltfra/.vscode/extensions/ms-vscode.go-0.8.0/out/src/goOutline.js:83:19)
	at runGoOutline.then.decls (/home/miltfra/.vscode/extensions/ms-vscode.go-0.8.0/out/src/goOutline.js:20:9)
	at <anonymous>
[2019-01-21 20:18:29.841] [renderer1] [error] name must not be falsy: Error: name must not be falsy
	at Function.e.validate (/opt/visual-studio-code/resources/app/out/vs/workbench/node/extensionHostProcess.js:357:484)
	at new e (/opt/visual-studio-code/resources/app/out/vs/workbench/node/extensionHostProcess.js:357:422)
	at byteOffsetToDocumentOffset.forEach.decl (/home/miltfra/.vscode/extensions/ms-vscode.go-0.8.0/out/src/goOutline.js:103:26)
	at Array.forEach (<anonymous>)
	at convertToCodeSymbols (/home/miltfra/.vscode/extensions/ms-vscode.go-0.8.0/out/src/goOutline.js:83:19)
	at runGoOutline.then.decls (/home/miltfra/.vscode/extensions/ms-vscode.go-0.8.0/out/src/goOutline.js:20:9)
	at <anonymous>
[2019-01-21 20:25:24.726] [renderer1] [error] Data tree node not found: undefined: Error: Data tree node not found: undefined
    at i.e.getDataNode (file:///opt/visual-studio-code/resources/app/out/vs/workbench/workbench.main.js:974:860)
    at i.e.getNode (file:///opt/visual-studio-code/resources/app/out/vs/workbench/workbench.main.js:972:95)
    at file:///opt/visual-studio-code/resources/app/out/vs/workbench/workbench.main.js:4976:451
    at Array.every (<anonymous>)
    at file:///opt/visual-studio-code/resources/app/out/vs/workbench/workbench.main.js:4976:419
    at <anonymous>
    at process._tickCallback (internal/process/next_tick.js:188:7)
[2019-01-21 20:26:23.139] [renderer1] [error] Data tree node not found: undefined: Error: Data tree node not found: undefined
    at i.e.getDataNode (file:///opt/visual-studio-code/resources/app/out/vs/workbench/workbench.main.js:974:860)
    at i.e.getNode (file:///opt/visual-studio-code/resources/app/out/vs/workbench/workbench.main.js:972:95)
    at file:///opt/visual-studio-code/resources/app/out/vs/workbench/workbench.main.js:4976:451
    at Array.every (<anonymous>)
    at file:///opt/visual-studio-code/resources/app/out/vs/workbench/workbench.main.js:4976:419
    at <anonymous>
    at process._tickCallback (internal/process/next_tick.js:188:7)
[2019-01-21 20:33:35.044] [renderer1] [error] An unknown error occurred. Please consult the log for more details.
[2019-01-21 20:56:57.003] [renderer1] [error] An unknown error occurred. Please consult the log for more details.
