Looking for git in: git
Using git 2.20.1 from git
> git rev-parse --show-toplevel
fatal: not a git repository (or any parent up to mount point /)
Stopping at filesystem boundary (GIT_DISCOVERY_ACROSS_FILESYSTEM not set).
> git rev-parse --show-toplevel
> git config --get commit.template
Open repository: /home/miltfra/go/src/github.com/Workiva/go-datastructures
> git rev-parse --show-toplevel
> git status -z -u
> git symbolic-ref --short HEAD
fatal: not a git repository (or any parent up to mount point /)
Stopping at filesystem boundary (GIT_DISCOVERY_ACROSS_FILESYSTEM not set).
> git rev-parse --show-toplevel
fatal: not a git repository (or any parent up to mount point /)
Stopping at filesystem boundary (GIT_DISCOVERY_ACROSS_FILESYSTEM not set).
> git rev-parse --show-toplevel
> git rev-parse master
> git rev-parse --symbolic-full-name master@{u}
fatal: not a git repository (or any parent up to mount point /)
Stopping at filesystem boundary (GIT_DISCOVERY_ACROSS_FILESYSTEM not set).
> git rev-parse --show-toplevel
fatal: not a git repository (or any parent up to mount point /)
Stopping at filesystem boundary (GIT_DISCOVERY_ACROSS_FILESYSTEM not set).
> git rev-parse --show-toplevel
> git rev-list --left-right master...refs/remotes/origin/master
fatal: not a git repository (or any parent up to mount point /)
Stopping at filesystem boundary (GIT_DISCOVERY_ACROSS_FILESYSTEM not set).
> git for-each-ref --format %(refname) %(objectname) --sort -committerdate
> git remote --verbose
> git show :bitarray/bitarray_test.go
> git check-ignore -z --stdin
