[2019-01-20 16:35:28.646] [sharedprocess] [info] main {"machineId":"7e7e30900b0dba6a5864663370066ccb2459feb84b8c8f83970d1a9d4e71981e"}
[2019-01-20 16:35:28.728] [sharedprocess] [info] Scanned user extensions: 8
[2019-01-20 16:35:28.742] [sharedprocess] [info] Scanned user extensions: 8
[2019-01-20 16:35:28.752] [sharedprocess] [info] Scanned user extensions: 8
[2019-01-20 16:35:28.767] [sharedprocess] [info] Scanned system extensions: 71
[2019-01-20 16:35:28.769] [sharedprocess] [info] Scanned system extensions: 71
[2019-01-20 16:35:44.949] [sharedprocess] [info] Scanned user extensions: 8
[2019-01-20 16:35:44.962] [sharedprocess] [info] Scanned system extensions: 71
[2019-01-20 16:35:45.100] [sharedprocess] [info] Scanned user extensions: 8
[2019-01-20 16:35:49.473] [sharedprocess] [info] Scanned user extensions: 8
[2019-01-20 16:35:49.488] [sharedprocess] [info] Scanned system extensions: 71
[2019-01-20 16:35:49.629] [sharedprocess] [info] Scanned user extensions: 8
[2019-01-20 16:36:01.592] [sharedprocess] [info] Scanned user extensions: 8
[2019-01-20 16:36:01.600] [sharedprocess] [info] Scanned user extensions: 8
[2019-01-20 16:36:01.605] [sharedprocess] [info] Scanned user extensions: 8
[2019-01-20 16:36:01.614] [sharedprocess] [info] Scanned user extensions: 8
[2019-01-20 16:36:01.642] [sharedprocess] [info] Scanned system extensions: 71
[2019-01-20 16:36:01.645] [sharedprocess] [info] Scanned system extensions: 71
[2019-01-20 16:36:01.648] [sharedprocess] [info] Scanned system extensions: 71
[2019-01-20 16:36:08.658] [sharedprocess] [info] Starting to clean up unused language packs.
[2019-01-20 16:36:29.045] [sharedprocess] [info] Installing extension: material-icon-theme
[2019-01-20 16:36:29.050] [sharedprocess] [info] Scanned user extensions: 8
[2019-01-20 16:36:30.377] [sharedprocess] [info] Downloaded extension: material-icon-theme /tmp/e2c109c2-a41e-4e06-b755-1f648c96630e
[2019-01-20 16:36:30.708] [sharedprocess] [info] Extracted extension to /home/miltfra/.vscode/extensions/.pkief.material-icon-theme-3.6.2: pkief.material-icon-theme-3.6.2
[2019-01-20 16:36:30.708] [sharedprocess] [info] Renamed to /home/miltfra/.vscode/extensions/pkief.material-icon-theme-3.6.2
[2019-01-20 16:36:30.708] [sharedprocess] [info] Installation completed. pkief.material-icon-theme-3.6.2
[2019-01-20 16:36:30.711] [sharedprocess] [info] Extensions installed successfully: pkief.material-icon-theme
[2019-01-20 16:36:30.834] [sharedprocess] [info] Scanned user extensions: 9
[2019-01-20 16:36:30.860] [sharedprocess] [info] Scanned system extensions: 71
[2019-01-20 16:36:32.490] [sharedprocess] [info] Scanned user extensions: 9
[2019-01-20 16:36:32.500] [sharedprocess] [info] Scanned user extensions: 9
[2019-01-20 16:36:32.504] [sharedprocess] [info] Scanned user extensions: 9
[2019-01-20 16:36:32.516] [sharedprocess] [info] Scanned user extensions: 9
[2019-01-20 16:36:32.517] [sharedprocess] [info] Scanned user extensions: 9
[2019-01-20 16:36:32.565] [sharedprocess] [info] Scanned system extensions: 71
[2019-01-20 16:36:32.568] [sharedprocess] [info] Scanned system extensions: 71
[2019-01-20 16:36:32.573] [sharedprocess] [info] Scanned system extensions: 71
[2019-01-20 16:36:32.576] [sharedprocess] [info] Scanned system extensions: 71
[2019-01-20 16:36:32.584] [sharedprocess] [info] Scanned user extensions: 9
[2019-01-20 16:37:01.716] [sharedprocess] [info] Scanned user extensions: 9
[2019-01-20 16:37:01.729] [sharedprocess] [info] Scanned system extensions: 71
[2019-01-20 16:41:32.801] [sharedprocess] [info] Scanned user extensions: 9
[2019-01-20 16:46:32.825] [sharedprocess] [info] Scanned user extensions: 9
[2019-01-20 16:51:32.849] [sharedprocess] [info] Scanned user extensions: 9
[2019-01-20 16:56:32.872] [sharedprocess] [info] Scanned user extensions: 9
[2019-01-20 17:01:32.893] [sharedprocess] [info] Scanned user extensions: 9
