[2019-01-20 13:19:04.099] [exthost] [info] extension host started
[2019-01-20 13:19:04.106] [exthost] [info] ExtensionService#_doActivateExtension vscode.debug-auto-launch {"startup":true,"activationEvent":"*"}
[2019-01-20 13:19:04.106] [exthost] [info] ExtensionService#loadCommonJSModule /opt/visual-studio-code/resources/app/extensions/debug-auto-launch/dist/extension
[2019-01-20 13:19:04.108] [exthost] [info] ExtensionService#_doActivateExtension vscode.emmet {"startup":true,"activationEvent":"*"}
[2019-01-20 13:19:04.108] [exthost] [info] ExtensionService#loadCommonJSModule /opt/visual-studio-code/resources/app/extensions/emmet/dist/extension
[2019-01-20 13:19:04.119] [exthost] [info] ExtensionService#_doActivateExtension vscode.git {"startup":true,"activationEvent":"*"}
[2019-01-20 13:19:04.119] [exthost] [info] ExtensionService#loadCommonJSModule /opt/visual-studio-code/resources/app/extensions/git/dist/main
[2019-01-20 13:19:04.172] [exthost] [info] ExtensionService#_doActivateExtension vscode.merge-conflict {"startup":true,"activationEvent":"*"}
[2019-01-20 13:19:04.172] [exthost] [info] ExtensionService#loadCommonJSModule /opt/visual-studio-code/resources/app/extensions/merge-conflict/dist/extension
[2019-01-20 13:19:04.175] [exthost] [info] ExtensionService#_doActivateExtension alefragnani.project-manager {"startup":true,"activationEvent":"*"}
[2019-01-20 13:19:04.175] [exthost] [info] ExtensionService#loadCommonJSModule /home/miltfra/.vscode/extensions/alefragnani.project-manager-10.2.0/out/src/extension
[2019-01-20 13:19:04.182] [exthost] [info] ExtensionService#_doActivateExtension CoenraadS.bracket-pair-colorizer {"startup":true,"activationEvent":"*"}
[2019-01-20 13:19:04.182] [exthost] [info] ExtensionService#loadCommonJSModule /home/miltfra/.vscode/extensions/coenraads.bracket-pair-colorizer-1.0.61/out/src/extension
[2019-01-20 13:19:04.193] [exthost] [info] ExtensionService#_doActivateExtension eamodio.gitlens {"startup":true,"activationEvent":"*"}
[2019-01-20 13:19:04.193] [exthost] [info] ExtensionService#loadCommonJSModule /home/miltfra/.vscode/extensions/eamodio.gitlens-9.4.1/dist/extension
[2019-01-20 13:19:04.254] [exthost] [info] ExtensionService#_doActivateExtension vscodevim.vim {"startup":true,"activationEvent":"*"}
[2019-01-20 13:19:04.254] [exthost] [info] ExtensionService#loadCommonJSModule /home/miltfra/.vscode/extensions/vscodevim.vim-1.0.2/out/extension
[2019-01-20 13:19:04.434] [exthost] [info] eager extensions activated
[2019-01-20 13:20:15.290] [exthost] [info] ExtensionService#_doActivateExtension ms-vscode.Go {"startup":false,"activationEvent":"onLanguage:go"}
[2019-01-20 13:20:15.290] [exthost] [info] ExtensionService#loadCommonJSModule /home/miltfra/.vscode/extensions/ms-vscode.go-0.8.0/out/src/goMain
[2019-01-20 13:20:25.560] [exthost] [error] [ms-vscode.Go] provider FAILED
[2019-01-20 13:20:25.560] [exthost] [error] undefined
[2019-01-20 13:20:39.623] [exthost] [error] [ms-vscode.Go] provider FAILED
[2019-01-20 13:20:39.623] [exthost] [error] undefined
[2019-01-20 13:20:46.882] [exthost] [error] [ms-vscode.Go] provider FAILED
[2019-01-20 13:20:46.882] [exthost] [error] undefined
[2019-01-20 13:20:53.221] [exthost] [error] [ms-vscode.Go] provider FAILED
[2019-01-20 13:20:53.221] [exthost] [error] undefined
