/home/miltfra/go/src/github.com/miltfra/tsp/status>Finished running tool: /home/miltfra/go/bin/golint

/home/miltfra/go/src/github.com/miltfra/tsp/status>Finished running tool: /usr/bin/go build -i -o /tmp/vscode-golCieMX/go-code-check github.com/miltfra/tsp/status

/home/miltfra/go/src/github.com/miltfra/tsp/status>Finished running tool: /usr/bin/go vet ./...
/home/miltfra/go/src/github.com/miltfra/tsp/status/statusQ_test.go:24: cannot use arr[i] (type int) as type float64 in field value

/home/miltfra/go/src/github.com/miltfra/tsp/status>Finished running tool: /home/miltfra/go/bin/golint

/home/miltfra/go/src/github.com/miltfra/tsp/status>Finished running tool: /usr/bin/go build -i -o /tmp/vscode-golCieMX/go-code-check github.com/miltfra/tsp/status
/home/miltfra/go/src/github.com/miltfra/tsp/status/statusQ.go:81: cannot use tools.Max(in, out) (type float64) as type int in assignment
/home/miltfra/go/src/github.com/miltfra/tsp/status/statusQ.go:81: cannot use in (type int) as type float64 in argument to tools.Max
/home/miltfra/go/src/github.com/miltfra/tsp/status/statusQ.go:81: cannot use out (type int) as type float64 in argument to tools.Max

/home/miltfra/go/src/github.com/miltfra/tsp/status>Finished running tool: /usr/bin/go vet ./...
/home/miltfra/go/src/github.com/miltfra/tsp/status/statusQ.go:81: cannot use tools.Max(in, out) (type float64) as type int in assignment
/home/miltfra/go/src/github.com/miltfra/tsp/status/statusQ.go:81: cannot use in (type int) as type float64 in argument to tools.Max
/home/miltfra/go/src/github.com/miltfra/tsp/status/statusQ.go:81: cannot use out (type int) as type float64 in argument to tools.Max
/home/miltfra/go/src/github.com/miltfra/tsp/status/statusQ_test.go:14: cannot use make([][]float64, 1000) (type [][]float64) as type [][]int in field value
/home/miltfra/go/src/github.com/miltfra/tsp/status/statusQ_test.go:14: cannot use arr[i] (type float64) as type int in field value
/home/miltfra/go/src/github.com/miltfra/tsp/status/statusQ_test.go:24: cannot use make([][]float64, 10000) (type [][]float64) as type [][]int in field value
/home/miltfra/go/src/github.com/miltfra/tsp/status/statusQ_test.go:47: cannot use make([][]float64, 10000) (type [][]float64) as type [][]int in field value
/home/miltfra/go/src/github.com/miltfra/tsp/status/statusQ_test.go:47: cannot use arr[i] (type float64) as type int in field value

/home/miltfra/go/src/github.com/miltfra/tsp>Finished running tool: /home/miltfra/go/bin/golint

/home/miltfra/go/src/github.com/miltfra/tsp>Finished running tool: /usr/bin/go build -i -o /tmp/vscode-golCieMX/go-code-check github.com/miltfra/tsp
/home/miltfra/go/src/github.com/miltfra/tsp/status/statusQ.go:81: cannot use tools.Max(in, out) (type float64) as type int in assignment
/home/miltfra/go/src/github.com/miltfra/tsp/status/statusQ.go:81: cannot use in (type int) as type float64 in argument to tools.Max
/home/miltfra/go/src/github.com/miltfra/tsp/status/statusQ.go:81: cannot use out (type int) as type float64 in argument to tools.Max

/home/miltfra/go/src/github.com/miltfra/tsp>Finished running tool: /usr/bin/go vet ./...
/home/miltfra/go/src/github.com/miltfra/tsp/status/statusQ.go:81: cannot use tools.Max(in, out) (type float64) as type int in assignment
/home/miltfra/go/src/github.com/miltfra/tsp/status/statusQ.go:81: cannot use in (type int) as type float64 in argument to tools.Max
/home/miltfra/go/src/github.com/miltfra/tsp/status/statusQ.go:81: cannot use out (type int) as type float64 in argument to tools.Max
/home/miltfra/go/src/github.com/miltfra/tsp/status/statusQ.go:81: cannot use tools.Max(in, out) (type float64) as type int in assignment
/home/miltfra/go/src/github.com/miltfra/tsp/status/statusQ.go:81: cannot use in (type int) as type float64 in argument to tools.Max
/home/miltfra/go/src/github.com/miltfra/tsp/status/statusQ.go:81: cannot use out (type int) as type float64 in argument to tools.Max
/home/miltfra/go/src/github.com/miltfra/tsp/status/statusQ_test.go:14: cannot use make([][]float64, 1000) (type [][]float64) as type [][]int in field value
/home/miltfra/go/src/github.com/miltfra/tsp/status/statusQ_test.go:14: cannot use arr[i] (type float64) as type int in field value
/home/miltfra/go/src/github.com/miltfra/tsp/status/statusQ_test.go:24: cannot use make([][]float64, 10000) (type [][]float64) as type [][]int in field value
/home/miltfra/go/src/github.com/miltfra/tsp/status/statusQ_test.go:47: cannot use make([][]float64, 10000) (type [][]float64) as type [][]int in field value
/home/miltfra/go/src/github.com/miltfra/tsp/status/statusQ_test.go:47: cannot use arr[i] (type float64) as type int in field value

