[2019-01-21 13:41:30.843] [exthost] [info] extension host started
[2019-01-21 13:41:30.866] [exthost] [info] ExtensionService#_doActivateExtension vscode.debug-auto-launch {"startup":true,"activationEvent":"*"}
[2019-01-21 13:41:30.866] [exthost] [info] ExtensionService#loadCommonJSModule /opt/visual-studio-code/resources/app/extensions/debug-auto-launch/dist/extension
[2019-01-21 13:41:30.869] [exthost] [info] ExtensionService#_doActivateExtension vscode.emmet {"startup":true,"activationEvent":"*"}
[2019-01-21 13:41:30.869] [exthost] [info] ExtensionService#loadCommonJSModule /opt/visual-studio-code/resources/app/extensions/emmet/dist/extension
[2019-01-21 13:41:30.885] [exthost] [info] ExtensionService#_doActivateExtension vscode.git {"startup":true,"activationEvent":"*"}
[2019-01-21 13:41:30.885] [exthost] [info] ExtensionService#loadCommonJSModule /opt/visual-studio-code/resources/app/extensions/git/dist/main
[2019-01-21 13:41:30.987] [exthost] [info] ExtensionService#_doActivateExtension vscode.merge-conflict {"startup":true,"activationEvent":"*"}
[2019-01-21 13:41:30.987] [exthost] [info] ExtensionService#loadCommonJSModule /opt/visual-studio-code/resources/app/extensions/merge-conflict/dist/extension
[2019-01-21 13:41:30.994] [exthost] [info] ExtensionService#_doActivateExtension alefragnani.project-manager {"startup":true,"activationEvent":"*"}
[2019-01-21 13:41:30.994] [exthost] [info] ExtensionService#loadCommonJSModule /home/miltfra/.vscode/extensions/alefragnani.project-manager-10.3.0/out/src/extension
[2019-01-21 13:41:31.018] [exthost] [info] ExtensionService#_doActivateExtension CoenraadS.bracket-pair-colorizer-2 {"startup":true,"activationEvent":"*"}
[2019-01-21 13:41:31.018] [exthost] [info] ExtensionService#loadCommonJSModule /home/miltfra/.vscode/extensions/coenraads.bracket-pair-colorizer-2-0.0.25/out/src/extension
[2019-01-21 13:41:31.054] [exthost] [info] ExtensionService#_doActivateExtension eamodio.gitlens {"startup":true,"activationEvent":"*"}
[2019-01-21 13:41:31.054] [exthost] [info] ExtensionService#loadCommonJSModule /home/miltfra/.vscode/extensions/eamodio.gitlens-9.4.1/dist/extension
[2019-01-21 13:41:31.189] [exthost] [info] ExtensionService#_doActivateExtension eppz.eppz-code {"startup":true,"activationEvent":"*"}
[2019-01-21 13:41:31.189] [exthost] [info] ExtensionService#loadCommonJSModule /home/miltfra/.vscode/extensions/eppz.eppz-code-1.2.41/out/src/main
[2019-01-21 13:41:31.383] [exthost] [info] ExtensionService#_doActivateExtension HookyQR.beautify {"startup":true,"activationEvent":"*"}
[2019-01-21 13:41:31.383] [exthost] [info] ExtensionService#loadCommonJSModule /home/miltfra/.vscode/extensions/hookyqr.beautify-1.4.7/extension
[2019-01-21 13:41:31.437] [exthost] [info] ExtensionService#_doActivateExtension LaurentTreguier.vscode-simple-icons {"startup":true,"activationEvent":"*"}
[2019-01-21 13:41:31.437] [exthost] [info] ExtensionService#loadCommonJSModule /home/miltfra/.vscode/extensions/laurenttreguier.vscode-simple-icons-1.9.3/out/extension
[2019-01-21 13:41:31.439] [exthost] [info] ExtensionService#_doActivateExtension naumovs.color-highlight {"startup":true,"activationEvent":"*"}
[2019-01-21 13:41:31.439] [exthost] [info] ExtensionService#loadCommonJSModule /home/miltfra/.vscode/extensions/naumovs.color-highlight-2.3.0/dist/extension
[2019-01-21 13:41:31.472] [exthost] [info] ExtensionService#_doActivateExtension PKief.material-icon-theme {"startup":true,"activationEvent":"*"}
[2019-01-21 13:41:31.472] [exthost] [info] ExtensionService#loadCommonJSModule /home/miltfra/.vscode/extensions/pkief.material-icon-theme-3.6.2/out/src/extension
[2019-01-21 13:41:31.527] [exthost] [info] ExtensionService#_doActivateExtension vscodevim.vim {"startup":true,"activationEvent":"*"}
[2019-01-21 13:41:31.527] [exthost] [info] ExtensionService#loadCommonJSModule /home/miltfra/.vscode/extensions/vscodevim.vim-1.0.2/out/extension
[2019-01-21 13:41:31.893] [exthost] [info] ExtensionService#_doActivateExtension aaron-bond.better-comments {"startup":false,"activationEvent":"onLanguage:plaintext"}
[2019-01-21 13:41:31.893] [exthost] [info] ExtensionService#loadCommonJSModule /home/miltfra/.vscode/extensions/aaron-bond.better-comments-2.0.3/out/extension
[2019-01-21 13:41:31.896] [exthost] [info] ExtensionService#_doActivateExtension bongnv.go-custom-format {"startup":false,"activationEvent":"onLanguage:go"}
[2019-01-21 13:41:31.896] [exthost] [info] ExtensionService#loadCommonJSModule /home/miltfra/.vscode/extensions/bongnv.go-custom-format-0.1.0/out/extension
[2019-01-21 13:41:31.898] [exthost] [info] ExtensionService#_doActivateExtension ms-vscode.Go {"startup":false,"activationEvent":"onLanguage:go"}
[2019-01-21 13:41:31.898] [exthost] [info] ExtensionService#loadCommonJSModule /home/miltfra/.vscode/extensions/ms-vscode.go-0.8.0/out/src/goMain
[2019-01-21 13:41:32.070] [exthost] [info] eager extensions activated
[2019-01-21 13:41:44.828] [exthost] [info] ExtensionService#_doActivateExtension fwcd.kotlindebug {"startup":false,"activationEvent":"onDebug"}
[2019-01-21 13:41:44.828] [exthost] [info] ExtensionService#loadCommonJSModule /home/miltfra/.vscode/extensions/fwcd.kotlindebug-0.2.2/out/extension
[2019-01-21 13:41:44.839] [exthost] [info] ExtensionService#_doActivateExtension ms-vscode.cpptools {"startup":false,"activationEvent":"onDebug"}
[2019-01-21 13:41:44.839] [exthost] [info] ExtensionService#loadCommonJSModule /home/miltfra/.vscode/extensions/ms-vscode.cpptools-0.20.1/out/src/main
[2019-01-21 13:59:25.957] [exthost] [error] [ms-vscode.Go] provider FAILED
[2019-01-21 13:59:25.958] [exthost] [error] Check the console in dev tools to find errors when formatting.
[2019-01-21 14:01:49.548] [exthost] [error] [ms-vscode.Go] provider FAILED
[2019-01-21 14:01:49.548] [exthost] [error] Check the console in dev tools to find errors when formatting.
[2019-01-21 14:18:13.099] [exthost] [error] [ms-vscode.Go] provider FAILED
[2019-01-21 14:18:13.099] [exthost] [error] Check the console in dev tools to find errors when formatting.
[2019-01-21 14:18:35.952] [exthost] [error] [ms-vscode.Go] provider FAILED
[2019-01-21 14:18:35.952] [exthost] [error] Check the console in dev tools to find errors when formatting.
[2019-01-21 14:18:40.254] [exthost] [error] [ms-vscode.Go] provider FAILED
[2019-01-21 14:18:40.254] [exthost] [error] Check the console in dev tools to find errors when formatting.
[2019-01-21 14:18:51.617] [exthost] [error] [ms-vscode.Go] provider FAILED
[2019-01-21 14:18:51.618] [exthost] [error] Error: name must not be falsy
	at Function.e.validate (/opt/visual-studio-code/resources/app/out/vs/workbench/node/extensionHostProcess.js:357:484)
	at new e (/opt/visual-studio-code/resources/app/out/vs/workbench/node/extensionHostProcess.js:357:422)
	at byteOffsetToDocumentOffset.forEach.decl (/home/miltfra/.vscode/extensions/ms-vscode.go-0.8.0/out/src/goOutline.js:103:26)
	at Array.forEach (<anonymous>)
	at convertToCodeSymbols (/home/miltfra/.vscode/extensions/ms-vscode.go-0.8.0/out/src/goOutline.js:83:19)
	at runGoOutline.then.decls (/home/miltfra/.vscode/extensions/ms-vscode.go-0.8.0/out/src/goOutline.js:20:9)
	at <anonymous>
[2019-01-21 14:18:53.720] [exthost] [error] [ms-vscode.Go] provider FAILED
[2019-01-21 14:18:53.721] [exthost] [error] Error: name must not be falsy
	at Function.e.validate (/opt/visual-studio-code/resources/app/out/vs/workbench/node/extensionHostProcess.js:357:484)
	at new e (/opt/visual-studio-code/resources/app/out/vs/workbench/node/extensionHostProcess.js:357:422)
	at byteOffsetToDocumentOffset.forEach.decl (/home/miltfra/.vscode/extensions/ms-vscode.go-0.8.0/out/src/goOutline.js:103:26)
	at Array.forEach (<anonymous>)
	at convertToCodeSymbols (/home/miltfra/.vscode/extensions/ms-vscode.go-0.8.0/out/src/goOutline.js:83:19)
	at runGoOutline.then.decls (/home/miltfra/.vscode/extensions/ms-vscode.go-0.8.0/out/src/goOutline.js:20:9)
	at <anonymous>
[2019-01-21 14:46:15.264] [exthost] [error] [ms-vscode.Go] provider FAILED
[2019-01-21 14:46:15.264] [exthost] [error] Error: name must not be falsy
	at Function.e.validate (/opt/visual-studio-code/resources/app/out/vs/workbench/node/extensionHostProcess.js:357:484)
	at new e (/opt/visual-studio-code/resources/app/out/vs/workbench/node/extensionHostProcess.js:357:422)
	at byteOffsetToDocumentOffset.forEach.decl (/home/miltfra/.vscode/extensions/ms-vscode.go-0.8.0/out/src/goOutline.js:103:26)
	at Array.forEach (<anonymous>)
	at convertToCodeSymbols (/home/miltfra/.vscode/extensions/ms-vscode.go-0.8.0/out/src/goOutline.js:83:19)
	at runGoOutline.then.decls (/home/miltfra/.vscode/extensions/ms-vscode.go-0.8.0/out/src/goOutline.js:20:9)
	at <anonymous>
[2019-01-21 14:47:45.310] [exthost] [error] [ms-vscode.Go] provider FAILED
[2019-01-21 14:47:45.311] [exthost] [error] Error: name must not be falsy
	at Function.e.validate (/opt/visual-studio-code/resources/app/out/vs/workbench/node/extensionHostProcess.js:357:484)
	at new e (/opt/visual-studio-code/resources/app/out/vs/workbench/node/extensionHostProcess.js:357:422)
	at byteOffsetToDocumentOffset.forEach.decl (/home/miltfra/.vscode/extensions/ms-vscode.go-0.8.0/out/src/goOutline.js:103:26)
	at Array.forEach (<anonymous>)
	at convertToCodeSymbols (/home/miltfra/.vscode/extensions/ms-vscode.go-0.8.0/out/src/goOutline.js:83:19)
	at runGoOutline.then.decls (/home/miltfra/.vscode/extensions/ms-vscode.go-0.8.0/out/src/goOutline.js:20:9)
	at <anonymous>
[2019-01-21 14:48:05.562] [exthost] [error] [ms-vscode.Go] provider FAILED
[2019-01-21 14:48:05.562] [exthost] [error] Error: name must not be falsy
	at Function.e.validate (/opt/visual-studio-code/resources/app/out/vs/workbench/node/extensionHostProcess.js:357:484)
	at new e (/opt/visual-studio-code/resources/app/out/vs/workbench/node/extensionHostProcess.js:357:422)
	at byteOffsetToDocumentOffset.forEach.decl (/home/miltfra/.vscode/extensions/ms-vscode.go-0.8.0/out/src/goOutline.js:103:26)
	at Array.forEach (<anonymous>)
	at convertToCodeSymbols (/home/miltfra/.vscode/extensions/ms-vscode.go-0.8.0/out/src/goOutline.js:83:19)
	at runGoOutline.then.decls (/home/miltfra/.vscode/extensions/ms-vscode.go-0.8.0/out/src/goOutline.js:20:9)
	at <anonymous>
[2019-01-21 14:48:07.452] [exthost] [error] [ms-vscode.Go] provider FAILED
[2019-01-21 14:48:07.452] [exthost] [error] Error: name must not be falsy
	at Function.e.validate (/opt/visual-studio-code/resources/app/out/vs/workbench/node/extensionHostProcess.js:357:484)
	at new e (/opt/visual-studio-code/resources/app/out/vs/workbench/node/extensionHostProcess.js:357:422)
	at byteOffsetToDocumentOffset.forEach.decl (/home/miltfra/.vscode/extensions/ms-vscode.go-0.8.0/out/src/goOutline.js:103:26)
	at Array.forEach (<anonymous>)
	at convertToCodeSymbols (/home/miltfra/.vscode/extensions/ms-vscode.go-0.8.0/out/src/goOutline.js:83:19)
	at runGoOutline.then.decls (/home/miltfra/.vscode/extensions/ms-vscode.go-0.8.0/out/src/goOutline.js:20:9)
	at <anonymous>
