[2019-01-21 12:49:34.722] [exthost] [info] extension host started
[2019-01-21 12:49:34.748] [exthost] [info] ExtensionService#_doActivateExtension vscode.debug-auto-launch {"startup":true,"activationEvent":"*"}
[2019-01-21 12:49:34.748] [exthost] [info] ExtensionService#loadCommonJSModule /opt/visual-studio-code/resources/app/extensions/debug-auto-launch/dist/extension
[2019-01-21 12:49:34.752] [exthost] [info] ExtensionService#_doActivateExtension vscode.emmet {"startup":true,"activationEvent":"*"}
[2019-01-21 12:49:34.752] [exthost] [info] ExtensionService#loadCommonJSModule /opt/visual-studio-code/resources/app/extensions/emmet/dist/extension
[2019-01-21 12:49:34.768] [exthost] [info] ExtensionService#_doActivateExtension vscode.git {"startup":true,"activationEvent":"*"}
[2019-01-21 12:49:34.768] [exthost] [info] ExtensionService#loadCommonJSModule /opt/visual-studio-code/resources/app/extensions/git/dist/main
[2019-01-21 12:49:34.861] [exthost] [info] ExtensionService#_doActivateExtension vscode.merge-conflict {"startup":true,"activationEvent":"*"}
[2019-01-21 12:49:34.861] [exthost] [info] ExtensionService#loadCommonJSModule /opt/visual-studio-code/resources/app/extensions/merge-conflict/dist/extension
[2019-01-21 12:49:34.866] [exthost] [info] ExtensionService#_doActivateExtension alefragnani.project-manager {"startup":true,"activationEvent":"*"}
[2019-01-21 12:49:34.866] [exthost] [info] ExtensionService#loadCommonJSModule /home/miltfra/.vscode/extensions/alefragnani.project-manager-10.3.0/out/src/extension
[2019-01-21 12:49:34.887] [exthost] [info] ExtensionService#_doActivateExtension CoenraadS.bracket-pair-colorizer-2 {"startup":true,"activationEvent":"*"}
[2019-01-21 12:49:34.887] [exthost] [info] ExtensionService#loadCommonJSModule /home/miltfra/.vscode/extensions/coenraads.bracket-pair-colorizer-2-0.0.25/out/src/extension
[2019-01-21 12:49:34.910] [exthost] [info] ExtensionService#_doActivateExtension eamodio.gitlens {"startup":true,"activationEvent":"*"}
[2019-01-21 12:49:34.910] [exthost] [info] ExtensionService#loadCommonJSModule /home/miltfra/.vscode/extensions/eamodio.gitlens-9.4.1/dist/extension
[2019-01-21 12:49:35.016] [exthost] [info] ExtensionService#_doActivateExtension eppz.eppz-code {"startup":true,"activationEvent":"*"}
[2019-01-21 12:49:35.016] [exthost] [info] ExtensionService#loadCommonJSModule /home/miltfra/.vscode/extensions/eppz.eppz-code-1.2.41/out/src/main
[2019-01-21 12:49:35.238] [exthost] [info] ExtensionService#_doActivateExtension HookyQR.beautify {"startup":true,"activationEvent":"*"}
[2019-01-21 12:49:35.238] [exthost] [info] ExtensionService#loadCommonJSModule /home/miltfra/.vscode/extensions/hookyqr.beautify-1.4.7/extension
[2019-01-21 12:49:35.312] [exthost] [info] ExtensionService#_doActivateExtension LaurentTreguier.vscode-simple-icons {"startup":true,"activationEvent":"*"}
[2019-01-21 12:49:35.312] [exthost] [info] ExtensionService#loadCommonJSModule /home/miltfra/.vscode/extensions/laurenttreguier.vscode-simple-icons-1.9.3/out/extension
[2019-01-21 12:49:35.314] [exthost] [info] ExtensionService#_doActivateExtension naumovs.color-highlight {"startup":true,"activationEvent":"*"}
[2019-01-21 12:49:35.314] [exthost] [info] ExtensionService#loadCommonJSModule /home/miltfra/.vscode/extensions/naumovs.color-highlight-2.3.0/dist/extension
[2019-01-21 12:49:35.362] [exthost] [info] ExtensionService#_doActivateExtension PKief.material-icon-theme {"startup":true,"activationEvent":"*"}
[2019-01-21 12:49:35.362] [exthost] [info] ExtensionService#loadCommonJSModule /home/miltfra/.vscode/extensions/pkief.material-icon-theme-3.6.2/out/src/extension
[2019-01-21 12:49:35.417] [exthost] [info] ExtensionService#_doActivateExtension vscodevim.vim {"startup":true,"activationEvent":"*"}
[2019-01-21 12:49:35.417] [exthost] [info] ExtensionService#loadCommonJSModule /home/miltfra/.vscode/extensions/vscodevim.vim-1.0.2/out/extension
[2019-01-21 12:49:35.820] [exthost] [info] ExtensionService#_doActivateExtension aaron-bond.better-comments {"startup":false,"activationEvent":"onLanguage:plaintext"}
[2019-01-21 12:49:35.820] [exthost] [info] ExtensionService#loadCommonJSModule /home/miltfra/.vscode/extensions/aaron-bond.better-comments-2.0.3/out/extension
[2019-01-21 12:49:35.822] [exthost] [info] ExtensionService#_doActivateExtension bongnv.go-custom-format {"startup":false,"activationEvent":"onLanguage:go"}
[2019-01-21 12:49:35.822] [exthost] [info] ExtensionService#loadCommonJSModule /home/miltfra/.vscode/extensions/bongnv.go-custom-format-0.1.0/out/extension
[2019-01-21 12:49:35.823] [exthost] [info] ExtensionService#_doActivateExtension ms-vscode.Go {"startup":false,"activationEvent":"onLanguage:go"}
[2019-01-21 12:49:35.823] [exthost] [info] ExtensionService#loadCommonJSModule /home/miltfra/.vscode/extensions/ms-vscode.go-0.8.0/out/src/goMain
[2019-01-21 12:49:35.959] [exthost] [info] eager extensions activated
[2019-01-21 13:11:54.010] [exthost] [error] [ms-vscode.Go] provider FAILED
[2019-01-21 13:11:54.010] [exthost] [error] Check the console in dev tools to find errors when formatting.
[2019-01-21 13:15:45.864] [exthost] [error] [ms-vscode.Go] provider FAILED
[2019-01-21 13:15:45.864] [exthost] [error] Check the console in dev tools to find errors when formatting.
[2019-01-21 13:15:55.725] [exthost] [error] [ms-vscode.Go] provider FAILED
[2019-01-21 13:15:55.725] [exthost] [error] Check the console in dev tools to find errors when formatting.
[2019-01-21 13:15:58.476] [exthost] [error] [ms-vscode.Go] provider FAILED
[2019-01-21 13:15:58.476] [exthost] [error] Check the console in dev tools to find errors when formatting.
[2019-01-21 13:16:05.182] [exthost] [error] [ms-vscode.Go] provider FAILED
[2019-01-21 13:16:05.182] [exthost] [error] Check the console in dev tools to find errors when formatting.
[2019-01-21 13:16:24.155] [exthost] [info] ExtensionService#_doActivateExtension fwcd.kotlindebug {"startup":false,"activationEvent":"onDebug"}
[2019-01-21 13:16:24.155] [exthost] [info] ExtensionService#loadCommonJSModule /home/miltfra/.vscode/extensions/fwcd.kotlindebug-0.2.2/out/extension
[2019-01-21 13:16:24.173] [exthost] [info] ExtensionService#_doActivateExtension ms-vscode.cpptools {"startup":false,"activationEvent":"onDebug"}
[2019-01-21 13:16:24.173] [exthost] [info] ExtensionService#loadCommonJSModule /home/miltfra/.vscode/extensions/ms-vscode.cpptools-0.20.1/out/src/main
