[2019-01-20 21:26:36.831] [exthost] [info] extension host started
[2019-01-20 21:26:36.869] [exthost] [info] ExtensionService#_doActivateExtension vscode.debug-auto-launch {"startup":true,"activationEvent":"*"}
[2019-01-20 21:26:36.869] [exthost] [info] ExtensionService#loadCommonJSModule /opt/visual-studio-code/resources/app/extensions/debug-auto-launch/dist/extension
[2019-01-20 21:26:36.872] [exthost] [info] ExtensionService#_doActivateExtension vscode.emmet {"startup":true,"activationEvent":"*"}
[2019-01-20 21:26:36.873] [exthost] [info] ExtensionService#loadCommonJSModule /opt/visual-studio-code/resources/app/extensions/emmet/dist/extension
[2019-01-20 21:26:36.888] [exthost] [info] ExtensionService#_doActivateExtension vscode.git {"startup":true,"activationEvent":"*"}
[2019-01-20 21:26:36.888] [exthost] [info] ExtensionService#loadCommonJSModule /opt/visual-studio-code/resources/app/extensions/git/dist/main
[2019-01-20 21:26:36.985] [exthost] [info] ExtensionService#_doActivateExtension vscode.merge-conflict {"startup":true,"activationEvent":"*"}
[2019-01-20 21:26:36.985] [exthost] [info] ExtensionService#loadCommonJSModule /opt/visual-studio-code/resources/app/extensions/merge-conflict/dist/extension
[2019-01-20 21:26:36.990] [exthost] [info] ExtensionService#_doActivateExtension alefragnani.project-manager {"startup":true,"activationEvent":"*"}
[2019-01-20 21:26:36.990] [exthost] [info] ExtensionService#loadCommonJSModule /home/miltfra/.vscode/extensions/alefragnani.project-manager-10.3.0/out/src/extension
[2019-01-20 21:26:37.007] [exthost] [info] ExtensionService#_doActivateExtension CoenraadS.bracket-pair-colorizer-2 {"startup":true,"activationEvent":"*"}
[2019-01-20 21:26:37.007] [exthost] [info] ExtensionService#loadCommonJSModule /home/miltfra/.vscode/extensions/coenraads.bracket-pair-colorizer-2-0.0.25/out/src/extension
[2019-01-20 21:26:37.027] [exthost] [info] ExtensionService#_doActivateExtension eamodio.gitlens {"startup":true,"activationEvent":"*"}
[2019-01-20 21:26:37.027] [exthost] [info] ExtensionService#loadCommonJSModule /home/miltfra/.vscode/extensions/eamodio.gitlens-9.4.1/dist/extension
[2019-01-20 21:26:37.136] [exthost] [info] ExtensionService#_doActivateExtension eppz.eppz-code {"startup":true,"activationEvent":"*"}
[2019-01-20 21:26:37.136] [exthost] [info] ExtensionService#loadCommonJSModule /home/miltfra/.vscode/extensions/eppz.eppz-code-1.2.41/out/src/main
[2019-01-20 21:26:37.300] [exthost] [info] ExtensionService#_doActivateExtension HookyQR.beautify {"startup":true,"activationEvent":"*"}
[2019-01-20 21:26:37.300] [exthost] [info] ExtensionService#loadCommonJSModule /home/miltfra/.vscode/extensions/hookyqr.beautify-1.4.7/extension
[2019-01-20 21:26:37.346] [exthost] [info] ExtensionService#_doActivateExtension LaurentTreguier.vscode-simple-icons {"startup":true,"activationEvent":"*"}
[2019-01-20 21:26:37.346] [exthost] [info] ExtensionService#loadCommonJSModule /home/miltfra/.vscode/extensions/laurenttreguier.vscode-simple-icons-1.9.3/out/extension
[2019-01-20 21:26:37.347] [exthost] [info] ExtensionService#_doActivateExtension naumovs.color-highlight {"startup":true,"activationEvent":"*"}
[2019-01-20 21:26:37.347] [exthost] [info] ExtensionService#loadCommonJSModule /home/miltfra/.vscode/extensions/naumovs.color-highlight-2.3.0/dist/extension
[2019-01-20 21:26:37.379] [exthost] [info] ExtensionService#_doActivateExtension PKief.material-icon-theme {"startup":true,"activationEvent":"*"}
[2019-01-20 21:26:37.379] [exthost] [info] ExtensionService#loadCommonJSModule /home/miltfra/.vscode/extensions/pkief.material-icon-theme-3.6.2/out/src/extension
[2019-01-20 21:26:37.429] [exthost] [info] ExtensionService#_doActivateExtension vscodevim.vim {"startup":true,"activationEvent":"*"}
[2019-01-20 21:26:37.429] [exthost] [info] ExtensionService#loadCommonJSModule /home/miltfra/.vscode/extensions/vscodevim.vim-1.0.2/out/extension
[2019-01-20 21:26:37.739] [exthost] [info] ExtensionService#_doActivateExtension aaron-bond.better-comments {"startup":false,"activationEvent":"onLanguage:plaintext"}
[2019-01-20 21:26:37.739] [exthost] [info] ExtensionService#loadCommonJSModule /home/miltfra/.vscode/extensions/aaron-bond.better-comments-2.0.3/out/extension
[2019-01-20 21:26:37.741] [exthost] [info] ExtensionService#_doActivateExtension bongnv.go-custom-format {"startup":false,"activationEvent":"onLanguage:go"}
[2019-01-20 21:26:37.741] [exthost] [info] ExtensionService#loadCommonJSModule /home/miltfra/.vscode/extensions/bongnv.go-custom-format-0.1.0/out/extension
[2019-01-20 21:26:37.742] [exthost] [info] ExtensionService#_doActivateExtension ms-vscode.Go {"startup":false,"activationEvent":"onLanguage:go"}
[2019-01-20 21:26:37.742] [exthost] [info] ExtensionService#loadCommonJSModule /home/miltfra/.vscode/extensions/ms-vscode.go-0.8.0/out/src/goMain
[2019-01-20 21:26:37.864] [exthost] [info] eager extensions activated
