[2019-01-21 13:28:16.613] [exthost] [info] extension host started
[2019-01-21 13:28:16.635] [exthost] [info] ExtensionService#_doActivateExtension vscode.debug-auto-launch {"startup":true,"activationEvent":"*"}
[2019-01-21 13:28:16.635] [exthost] [info] ExtensionService#loadCommonJSModule /opt/visual-studio-code/resources/app/extensions/debug-auto-launch/dist/extension
[2019-01-21 13:28:16.638] [exthost] [info] ExtensionService#_doActivateExtension vscode.emmet {"startup":true,"activationEvent":"*"}
[2019-01-21 13:28:16.638] [exthost] [info] ExtensionService#loadCommonJSModule /opt/visual-studio-code/resources/app/extensions/emmet/dist/extension
[2019-01-21 13:28:16.654] [exthost] [info] ExtensionService#_doActivateExtension vscode.git {"startup":true,"activationEvent":"*"}
[2019-01-21 13:28:16.654] [exthost] [info] ExtensionService#loadCommonJSModule /opt/visual-studio-code/resources/app/extensions/git/dist/main
[2019-01-21 13:28:16.745] [exthost] [info] ExtensionService#_doActivateExtension vscode.merge-conflict {"startup":true,"activationEvent":"*"}
[2019-01-21 13:28:16.745] [exthost] [info] ExtensionService#loadCommonJSModule /opt/visual-studio-code/resources/app/extensions/merge-conflict/dist/extension
[2019-01-21 13:28:16.750] [exthost] [info] ExtensionService#_doActivateExtension alefragnani.project-manager {"startup":true,"activationEvent":"*"}
[2019-01-21 13:28:16.750] [exthost] [info] ExtensionService#loadCommonJSModule /home/miltfra/.vscode/extensions/alefragnani.project-manager-10.3.0/out/src/extension
[2019-01-21 13:28:16.767] [exthost] [info] ExtensionService#_doActivateExtension CoenraadS.bracket-pair-colorizer-2 {"startup":true,"activationEvent":"*"}
[2019-01-21 13:28:16.767] [exthost] [info] ExtensionService#loadCommonJSModule /home/miltfra/.vscode/extensions/coenraads.bracket-pair-colorizer-2-0.0.25/out/src/extension
[2019-01-21 13:28:16.787] [exthost] [info] ExtensionService#_doActivateExtension eamodio.gitlens {"startup":true,"activationEvent":"*"}
[2019-01-21 13:28:16.787] [exthost] [info] ExtensionService#loadCommonJSModule /home/miltfra/.vscode/extensions/eamodio.gitlens-9.4.1/dist/extension
[2019-01-21 13:28:16.893] [exthost] [info] ExtensionService#_doActivateExtension eppz.eppz-code {"startup":true,"activationEvent":"*"}
[2019-01-21 13:28:16.893] [exthost] [info] ExtensionService#loadCommonJSModule /home/miltfra/.vscode/extensions/eppz.eppz-code-1.2.41/out/src/main
[2019-01-21 13:28:17.062] [exthost] [info] ExtensionService#_doActivateExtension HookyQR.beautify {"startup":true,"activationEvent":"*"}
[2019-01-21 13:28:17.062] [exthost] [info] ExtensionService#loadCommonJSModule /home/miltfra/.vscode/extensions/hookyqr.beautify-1.4.7/extension
[2019-01-21 13:28:17.106] [exthost] [info] ExtensionService#_doActivateExtension LaurentTreguier.vscode-simple-icons {"startup":true,"activationEvent":"*"}
[2019-01-21 13:28:17.106] [exthost] [info] ExtensionService#loadCommonJSModule /home/miltfra/.vscode/extensions/laurenttreguier.vscode-simple-icons-1.9.3/out/extension
[2019-01-21 13:28:17.107] [exthost] [info] ExtensionService#_doActivateExtension naumovs.color-highlight {"startup":true,"activationEvent":"*"}
[2019-01-21 13:28:17.108] [exthost] [info] ExtensionService#loadCommonJSModule /home/miltfra/.vscode/extensions/naumovs.color-highlight-2.3.0/dist/extension
[2019-01-21 13:28:17.138] [exthost] [info] ExtensionService#_doActivateExtension PKief.material-icon-theme {"startup":true,"activationEvent":"*"}
[2019-01-21 13:28:17.138] [exthost] [info] ExtensionService#loadCommonJSModule /home/miltfra/.vscode/extensions/pkief.material-icon-theme-3.6.2/out/src/extension
[2019-01-21 13:28:17.195] [exthost] [info] ExtensionService#_doActivateExtension vscodevim.vim {"startup":true,"activationEvent":"*"}
[2019-01-21 13:28:17.195] [exthost] [info] ExtensionService#loadCommonJSModule /home/miltfra/.vscode/extensions/vscodevim.vim-1.0.2/out/extension
[2019-01-21 13:28:17.513] [exthost] [info] ExtensionService#_doActivateExtension aaron-bond.better-comments {"startup":false,"activationEvent":"onLanguage:plaintext"}
[2019-01-21 13:28:17.513] [exthost] [info] ExtensionService#loadCommonJSModule /home/miltfra/.vscode/extensions/aaron-bond.better-comments-2.0.3/out/extension
[2019-01-21 13:28:17.514] [exthost] [info] ExtensionService#_doActivateExtension bongnv.go-custom-format {"startup":false,"activationEvent":"onLanguage:go"}
[2019-01-21 13:28:17.514] [exthost] [info] ExtensionService#loadCommonJSModule /home/miltfra/.vscode/extensions/bongnv.go-custom-format-0.1.0/out/extension
[2019-01-21 13:28:17.515] [exthost] [info] ExtensionService#_doActivateExtension ms-vscode.Go {"startup":false,"activationEvent":"onLanguage:go"}
[2019-01-21 13:28:17.515] [exthost] [info] ExtensionService#loadCommonJSModule /home/miltfra/.vscode/extensions/ms-vscode.go-0.8.0/out/src/goMain
[2019-01-21 13:28:17.641] [exthost] [info] eager extensions activated
[2019-01-21 13:28:20.661] [exthost] [info] ExtensionService#_doActivateExtension vscode.configuration-editing {"startup":false,"activationEvent":"onLanguage:jsonc"}
[2019-01-21 13:28:20.661] [exthost] [info] ExtensionService#loadCommonJSModule /opt/visual-studio-code/resources/app/extensions/configuration-editing/dist/extension
[2019-01-21 13:28:20.677] [exthost] [info] ExtensionService#_doActivateExtension vscode.json-language-features {"startup":false,"activationEvent":"onLanguage:jsonc"}
[2019-01-21 13:28:20.677] [exthost] [info] ExtensionService#loadCommonJSModule /opt/visual-studio-code/resources/app/extensions/json-language-features/client/dist/jsonMain
[2019-01-21 13:28:20.799] [exthost] [info] ExtensionService#_doActivateExtension vscode.typescript-language-features {"startup":false,"activationEvent":"onLanguage:jsonc"}
[2019-01-21 13:28:20.799] [exthost] [info] ExtensionService#loadCommonJSModule /opt/visual-studio-code/resources/app/extensions/typescript-language-features/dist/extension
[2019-01-21 13:29:01.105] [exthost] [error] [ms-vscode.Go] provider FAILED
[2019-01-21 13:29:01.110] [exthost] [error] Error: name must not be falsy
	at Function.e.validate (/opt/visual-studio-code/resources/app/out/vs/workbench/node/extensionHostProcess.js:357:484)
	at new e (/opt/visual-studio-code/resources/app/out/vs/workbench/node/extensionHostProcess.js:357:422)
	at byteOffsetToDocumentOffset.forEach.decl (/home/miltfra/.vscode/extensions/ms-vscode.go-0.8.0/out/src/goOutline.js:103:26)
	at Array.forEach (<anonymous>)
	at convertToCodeSymbols (/home/miltfra/.vscode/extensions/ms-vscode.go-0.8.0/out/src/goOutline.js:83:19)
	at runGoOutline.then.decls (/home/miltfra/.vscode/extensions/ms-vscode.go-0.8.0/out/src/goOutline.js:20:9)
	at <anonymous>
[2019-01-21 13:29:21.040] [exthost] [info] ExtensionService#_doActivateExtension fwcd.kotlindebug {"startup":false,"activationEvent":"onDebug"}
[2019-01-21 13:29:21.040] [exthost] [info] ExtensionService#loadCommonJSModule /home/miltfra/.vscode/extensions/fwcd.kotlindebug-0.2.2/out/extension
[2019-01-21 13:29:21.047] [exthost] [info] ExtensionService#_doActivateExtension ms-vscode.cpptools {"startup":false,"activationEvent":"onDebug"}
[2019-01-21 13:29:21.047] [exthost] [info] ExtensionService#loadCommonJSModule /home/miltfra/.vscode/extensions/ms-vscode.cpptools-0.20.1/out/src/main
