[2019-01-16 17:35:01.760] [sharedprocess] [info] main {"machineId":"7e7e30900b0dba6a5864663370066ccb2459feb84b8c8f83970d1a9d4e71981e"}
[2019-01-16 17:35:01.846] [sharedprocess] [info] Scanned user extensions: 7
[2019-01-16 17:35:01.859] [sharedprocess] [info] Scanned user extensions: 7
[2019-01-16 17:35:01.884] [sharedprocess] [info] Scanned system extensions: 71
[2019-01-16 17:35:01.884] [sharedprocess] [info] Scanned system extensions: 71
[2019-01-16 17:35:02.008] [sharedprocess] [info] Scanned user extensions: 7
[2019-01-16 17:35:41.775] [sharedprocess] [info] Starting to clean up unused language packs.
[2019-01-16 17:40:02.033] [sharedprocess] [info] Scanned user extensions: 7
[2019-01-16 17:44:07.228] [sharedprocess] [info] Scanned user extensions: 7
[2019-01-16 17:44:07.238] [sharedprocess] [info] Scanned user extensions: 7
[2019-01-16 17:44:07.242] [sharedprocess] [info] Scanned user extensions: 7
[2019-01-16 17:44:07.251] [sharedprocess] [info] Scanned user extensions: 7
[2019-01-16 17:44:07.298] [sharedprocess] [info] Scanned system extensions: 71
[2019-01-16 17:44:07.301] [sharedprocess] [info] Scanned system extensions: 71
[2019-01-16 17:44:07.305] [sharedprocess] [info] Scanned system extensions: 71
[2019-01-16 17:44:15.043] [sharedprocess] [info] Installing extension: vim
[2019-01-16 17:44:15.049] [sharedprocess] [info] Scanned user extensions: 7
[2019-01-16 17:44:17.764] [sharedprocess] [info] Downloaded extension: vim /tmp/b1d300e9-336f-402a-ba1e-4daf242ebb17
[2019-01-16 17:44:18.619] [sharedprocess] [info] Extracted extension to /home/miltfra/.vscode/extensions/.vscodevim.vim-1.0.2: vscodevim.vim-1.0.2
[2019-01-16 17:44:18.619] [sharedprocess] [info] Renamed to /home/miltfra/.vscode/extensions/vscodevim.vim-1.0.2
[2019-01-16 17:44:18.620] [sharedprocess] [info] Installation completed. vscodevim.vim-1.0.2
[2019-01-16 17:44:18.626] [sharedprocess] [info] Extensions installed successfully: vscodevim.vim
[2019-01-16 17:44:18.745] [sharedprocess] [info] Scanned user extensions: 8
[2019-01-16 17:44:18.756] [sharedprocess] [info] Scanned system extensions: 71
[2019-01-16 17:44:19.915] [sharedprocess] [info] Scanned user extensions: 8
[2019-01-16 17:44:19.925] [sharedprocess] [info] Scanned user extensions: 8
[2019-01-16 17:44:19.936] [sharedprocess] [info] Scanned user extensions: 8
[2019-01-16 17:44:19.946] [sharedprocess] [info] Scanned user extensions: 8
[2019-01-16 17:44:19.946] [sharedprocess] [info] Scanned user extensions: 8
[2019-01-16 17:44:19.978] [sharedprocess] [info] Scanned system extensions: 71
[2019-01-16 17:44:19.981] [sharedprocess] [info] Scanned system extensions: 71
[2019-01-16 17:44:19.984] [sharedprocess] [info] Scanned system extensions: 71
[2019-01-16 17:44:19.988] [sharedprocess] [info] Scanned system extensions: 71
[2019-01-16 17:44:20.388] [sharedprocess] [info] Scanned user extensions: 8
