[2019-01-20 13:01:28.753] [renderer1] [info] no standard startup: not just one text editor
[2019-01-20 13:01:33.378] [renderer1] [info] no standard startup: not a new window
[2019-01-20 13:01:38.204] [renderer1] [info] no standard startup: not a new window
[2019-01-20 16:40:25.868] [renderer1] [error] name must not be falsy: Error: name must not be falsy
	at Function.e.validate (/opt/visual-studio-code/resources/app/out/vs/workbench/node/extensionHostProcess.js:357:484)
	at new e (/opt/visual-studio-code/resources/app/out/vs/workbench/node/extensionHostProcess.js:357:422)
	at byteOffsetToDocumentOffset.forEach.decl (/home/miltfra/.vscode/extensions/ms-vscode.go-0.8.0/out/src/goOutline.js:103:26)
	at Array.forEach (<anonymous>)
	at convertToCodeSymbols (/home/miltfra/.vscode/extensions/ms-vscode.go-0.8.0/out/src/goOutline.js:83:19)
	at runGoOutline.then.decls (/home/miltfra/.vscode/extensions/ms-vscode.go-0.8.0/out/src/goOutline.js:20:9)
	at <anonymous>
[2019-01-20 16:40:27.855] [renderer1] [error] name must not be falsy: Error: name must not be falsy
	at Function.e.validate (/opt/visual-studio-code/resources/app/out/vs/workbench/node/extensionHostProcess.js:357:484)
	at new e (/opt/visual-studio-code/resources/app/out/vs/workbench/node/extensionHostProcess.js:357:422)
	at byteOffsetToDocumentOffset.forEach.decl (/home/miltfra/.vscode/extensions/ms-vscode.go-0.8.0/out/src/goOutline.js:103:26)
	at Array.forEach (<anonymous>)
	at convertToCodeSymbols (/home/miltfra/.vscode/extensions/ms-vscode.go-0.8.0/out/src/goOutline.js:83:19)
	at runGoOutline.then.decls (/home/miltfra/.vscode/extensions/ms-vscode.go-0.8.0/out/src/goOutline.js:20:9)
	at <anonymous>
[2019-01-20 20:43:32.729] [renderer1] [error] doSave(15) - exit - resulted in a save error: Error: File Modified Since {"$mid":1,"fsPath":"/home/miltfra/go/src/github.com/miltfra/tsp/status/statusQ.go","external":"file:///home/miltfra/go/src/github.com/miltfra/tsp/status/statusQ.go","path":"/home/miltfra/go/src/github.com/miltfra/tsp/status/statusQ.go","scheme":"file"}
[2019-01-20 21:26:15.957] [renderer1] [error] doSave(20) - exit - resulted in a save error: Error: File Modified Since {"$mid":1,"fsPath":"/home/miltfra/go/src/github.com/miltfra/tsp/main.go","external":"file:///home/miltfra/go/src/github.com/miltfra/tsp/main.go","path":"/home/miltfra/go/src/github.com/miltfra/tsp/main.go","scheme":"file"}
[2019-01-20 21:26:15.991] [renderer1] [error] doSave(15) - exit - resulted in a save error: Error: File Modified Since {"$mid":1,"fsPath":"/home/miltfra/go/src/github.com/miltfra/tsp/status/statusQ.go","external":"file:///home/miltfra/go/src/github.com/miltfra/tsp/status/statusQ.go","path":"/home/miltfra/go/src/github.com/miltfra/tsp/status/statusQ.go","scheme":"file"}
