Looking for git in: git
Using git 2.20.1 from git
> git rev-parse --show-toplevel
fatal: not a git repository (or any of the parent directories): .git
> git rev-parse --show-toplevel
> git config --get commit.template
Open repository: /home/miltfra/go/src/github.com/miltfra/tools
> git status -z -u
> git rev-parse --show-toplevel
> git symbolic-ref --short HEAD
> git rev-parse master
> git config --get commit.template
Open repository: /home/miltfra/go/src/github.com/miltfra/tsp
> git status -z -u
> git symbolic-ref --short HEAD
> git rev-parse --symbolic-full-name master@{u}
> git rev-parse master
> git rev-list --left-right master...refs/remotes/origin/master
> git rev-parse --symbolic-full-name master@{u}
> git for-each-ref --format %(refname) %(objectname) --sort -committerdate
> git remote --verbose
> git rev-list --left-right master...refs/remotes/origin/master
> git for-each-ref --format %(refname) %(objectname) --sort -committerdate
> git remote --verbose
> git show :ds/graph/graph.go
> git check-ignore -z --stdin
> git check-ignore -z --stdin
