/home/miltfra/go/src/github.com/miltfra/tsp/status>Finished running tool: /usr/bin/go test -c -i -o /tmp/vscode-goUrpVsd/go-code-check github.com/miltfra/tsp/status
/home/miltfra/go/src/github.com/miltfra/tsp/status/statusQ.go:5: cannot find package "miltfra/tools" in any of:

/home/miltfra/go/src/github.com/miltfra/tsp/status>Finished running tool: /usr/bin/go vet ./...
/home/miltfra/go/src/github.com/miltfra/tsp/status/statusQ.go:5: cannot find package "miltfra/tools" in any of:

/home/miltfra/go/src/github.com/miltfra/tsp/status>Finished running tool: /usr/bin/go vet ./...
/home/miltfra/go/src/github.com/miltfra/tsp/status/statusQ_test.go:5: cannot find package "miltfra/tools" in any of:

/home/miltfra/go/src/github.com/miltfra/tsp/status>Finished running tool: /usr/bin/go build -i -o /tmp/vscode-goUrpVsd/go-code-check github.com/miltfra/tsp/status

/home/miltfra/go/src/github.com/miltfra/tsp>Finished running tool: /usr/bin/go vet ./...
/home/miltfra/go/src/github.com/miltfra/tsp/main.go:5: cannot find package "miltfra/tools" in any of:
/home/miltfra/go/src/github.com/miltfra/tsp/bb.go:4: cannot find package "miltfra/tsp/status" in any of:

/home/miltfra/go/src/github.com/miltfra/tsp>Finished running tool: /usr/bin/go test -c -i -o /tmp/vscode-goUrpVsd/go-code-check github.com/miltfra/tsp
/home/miltfra/go/src/github.com/miltfra/tsp/main.go:5: cannot find package "miltfra/tools" in any of:
/home/miltfra/go/src/github.com/miltfra/tsp/bb.go:4: cannot find package "miltfra/tsp/status" in any of:

/home/miltfra/go/src/github.com/miltfra/tsp>Finished running tool: /usr/bin/go vet ./...
/home/miltfra/go/src/github.com/miltfra/tsp/main.go:5: cannot find package "miltfra/tools" in any of:

/home/miltfra/go/src/github.com/miltfra/tsp>Finished running tool: /usr/bin/go build -i -o /tmp/vscode-goUrpVsd/go-code-check github.com/miltfra/tsp
/home/miltfra/go/src/github.com/miltfra/tsp/main.go:5: cannot find package "miltfra/tools" in any of:

/home/miltfra/go/src/github.com/miltfra/tsp>Finished running tool: /usr/bin/go build -i -o /tmp/vscode-goUrpVsd/go-code-check github.com/miltfra/tsp

/home/miltfra/go/src/github.com/miltfra/tsp>Finished running tool: /usr/bin/go vet ./...
/home/miltfra/go/src/github.com/miltfra/tsp/status/statusQ_test.go:5: cannot find package "miltfra/tools" in any of:

