[2019-01-20 16:35:26.359] [exthost] [info] extension host started
[2019-01-20 16:35:26.367] [exthost] [info] ExtensionService#_doActivateExtension vscode.debug-auto-launch {"startup":true,"activationEvent":"*"}
[2019-01-20 16:35:26.367] [exthost] [info] ExtensionService#loadCommonJSModule /opt/visual-studio-code/resources/app/extensions/debug-auto-launch/dist/extension
[2019-01-20 16:35:26.368] [exthost] [info] ExtensionService#_doActivateExtension vscode.emmet {"startup":true,"activationEvent":"*"}
[2019-01-20 16:35:26.368] [exthost] [info] ExtensionService#loadCommonJSModule /opt/visual-studio-code/resources/app/extensions/emmet/dist/extension
[2019-01-20 16:35:26.379] [exthost] [info] ExtensionService#_doActivateExtension vscode.git {"startup":true,"activationEvent":"*"}
[2019-01-20 16:35:26.379] [exthost] [info] ExtensionService#loadCommonJSModule /opt/visual-studio-code/resources/app/extensions/git/dist/main
[2019-01-20 16:35:26.431] [exthost] [info] ExtensionService#_doActivateExtension vscode.merge-conflict {"startup":true,"activationEvent":"*"}
[2019-01-20 16:35:26.431] [exthost] [info] ExtensionService#loadCommonJSModule /opt/visual-studio-code/resources/app/extensions/merge-conflict/dist/extension
[2019-01-20 16:35:26.434] [exthost] [info] ExtensionService#_doActivateExtension alefragnani.project-manager {"startup":true,"activationEvent":"*"}
[2019-01-20 16:35:26.434] [exthost] [info] ExtensionService#loadCommonJSModule /home/miltfra/.vscode/extensions/alefragnani.project-manager-10.3.0/out/src/extension
[2019-01-20 16:35:26.441] [exthost] [info] ExtensionService#_doActivateExtension CoenraadS.bracket-pair-colorizer {"startup":true,"activationEvent":"*"}
[2019-01-20 16:35:26.441] [exthost] [info] ExtensionService#loadCommonJSModule /home/miltfra/.vscode/extensions/coenraads.bracket-pair-colorizer-1.0.61/out/src/extension
[2019-01-20 16:35:26.452] [exthost] [info] ExtensionService#_doActivateExtension eamodio.gitlens {"startup":true,"activationEvent":"*"}
[2019-01-20 16:35:26.452] [exthost] [info] ExtensionService#loadCommonJSModule /home/miltfra/.vscode/extensions/eamodio.gitlens-9.4.1/dist/extension
[2019-01-20 16:35:26.518] [exthost] [info] ExtensionService#_doActivateExtension vscodevim.vim {"startup":true,"activationEvent":"*"}
[2019-01-20 16:35:26.518] [exthost] [info] ExtensionService#loadCommonJSModule /home/miltfra/.vscode/extensions/vscodevim.vim-1.0.2/out/extension
[2019-01-20 16:35:26.695] [exthost] [info] eager extensions activated
[2019-01-20 16:35:45.176] [exthost] [info] extension host started
[2019-01-20 16:35:45.186] [exthost] [info] ExtensionService#_doActivateExtension vscode.debug-auto-launch {"startup":true,"activationEvent":"*"}
[2019-01-20 16:35:45.186] [exthost] [info] ExtensionService#loadCommonJSModule /opt/visual-studio-code/resources/app/extensions/debug-auto-launch/dist/extension
[2019-01-20 16:35:45.188] [exthost] [info] ExtensionService#_doActivateExtension vscode.emmet {"startup":true,"activationEvent":"*"}
[2019-01-20 16:35:45.188] [exthost] [info] ExtensionService#loadCommonJSModule /opt/visual-studio-code/resources/app/extensions/emmet/dist/extension
[2019-01-20 16:35:45.198] [exthost] [info] ExtensionService#_doActivateExtension vscode.git {"startup":true,"activationEvent":"*"}
[2019-01-20 16:35:45.198] [exthost] [info] ExtensionService#loadCommonJSModule /opt/visual-studio-code/resources/app/extensions/git/dist/main
[2019-01-20 16:35:45.254] [exthost] [info] ExtensionService#_doActivateExtension vscode.merge-conflict {"startup":true,"activationEvent":"*"}
[2019-01-20 16:35:45.254] [exthost] [info] ExtensionService#loadCommonJSModule /opt/visual-studio-code/resources/app/extensions/merge-conflict/dist/extension
[2019-01-20 16:35:45.257] [exthost] [info] ExtensionService#_doActivateExtension alefragnani.project-manager {"startup":true,"activationEvent":"*"}
[2019-01-20 16:35:45.257] [exthost] [info] ExtensionService#loadCommonJSModule /home/miltfra/.vscode/extensions/alefragnani.project-manager-10.3.0/out/src/extension
[2019-01-20 16:35:45.264] [exthost] [info] ExtensionService#_doActivateExtension CoenraadS.bracket-pair-colorizer {"startup":true,"activationEvent":"*"}
[2019-01-20 16:35:45.264] [exthost] [info] ExtensionService#loadCommonJSModule /home/miltfra/.vscode/extensions/coenraads.bracket-pair-colorizer-1.0.61/out/src/extension
[2019-01-20 16:35:45.277] [exthost] [info] ExtensionService#_doActivateExtension eamodio.gitlens {"startup":true,"activationEvent":"*"}
[2019-01-20 16:35:45.277] [exthost] [info] ExtensionService#loadCommonJSModule /home/miltfra/.vscode/extensions/eamodio.gitlens-9.4.1/dist/extension
[2019-01-20 16:35:45.338] [exthost] [info] ExtensionService#_doActivateExtension vscodevim.vim {"startup":true,"activationEvent":"*"}
[2019-01-20 16:35:45.338] [exthost] [info] ExtensionService#loadCommonJSModule /home/miltfra/.vscode/extensions/vscodevim.vim-1.0.2/out/extension
[2019-01-20 16:35:45.519] [exthost] [info] eager extensions activated
[2019-01-20 16:35:49.707] [exthost] [info] extension host started
[2019-01-20 16:35:49.714] [exthost] [info] ExtensionService#_doActivateExtension vscode.debug-auto-launch {"startup":true,"activationEvent":"*"}
[2019-01-20 16:35:49.714] [exthost] [info] ExtensionService#loadCommonJSModule /opt/visual-studio-code/resources/app/extensions/debug-auto-launch/dist/extension
[2019-01-20 16:35:49.716] [exthost] [info] ExtensionService#_doActivateExtension vscode.emmet {"startup":true,"activationEvent":"*"}
[2019-01-20 16:35:49.716] [exthost] [info] ExtensionService#loadCommonJSModule /opt/visual-studio-code/resources/app/extensions/emmet/dist/extension
[2019-01-20 16:35:49.727] [exthost] [info] ExtensionService#_doActivateExtension vscode.git {"startup":true,"activationEvent":"*"}
[2019-01-20 16:35:49.727] [exthost] [info] ExtensionService#loadCommonJSModule /opt/visual-studio-code/resources/app/extensions/git/dist/main
[2019-01-20 16:35:49.780] [exthost] [info] ExtensionService#_doActivateExtension vscode.merge-conflict {"startup":true,"activationEvent":"*"}
[2019-01-20 16:35:49.780] [exthost] [info] ExtensionService#loadCommonJSModule /opt/visual-studio-code/resources/app/extensions/merge-conflict/dist/extension
[2019-01-20 16:35:49.783] [exthost] [info] ExtensionService#_doActivateExtension alefragnani.project-manager {"startup":true,"activationEvent":"*"}
[2019-01-20 16:35:49.783] [exthost] [info] ExtensionService#loadCommonJSModule /home/miltfra/.vscode/extensions/alefragnani.project-manager-10.3.0/out/src/extension
[2019-01-20 16:35:49.790] [exthost] [info] ExtensionService#_doActivateExtension CoenraadS.bracket-pair-colorizer {"startup":true,"activationEvent":"*"}
[2019-01-20 16:35:49.790] [exthost] [info] ExtensionService#loadCommonJSModule /home/miltfra/.vscode/extensions/coenraads.bracket-pair-colorizer-1.0.61/out/src/extension
[2019-01-20 16:35:49.802] [exthost] [info] ExtensionService#_doActivateExtension eamodio.gitlens {"startup":true,"activationEvent":"*"}
[2019-01-20 16:35:49.802] [exthost] [info] ExtensionService#loadCommonJSModule /home/miltfra/.vscode/extensions/eamodio.gitlens-9.4.1/dist/extension
[2019-01-20 16:35:49.862] [exthost] [info] ExtensionService#_doActivateExtension vscodevim.vim {"startup":true,"activationEvent":"*"}
[2019-01-20 16:35:49.862] [exthost] [info] ExtensionService#loadCommonJSModule /home/miltfra/.vscode/extensions/vscodevim.vim-1.0.2/out/extension
[2019-01-20 16:35:50.047] [exthost] [info] eager extensions activated
[2019-01-20 16:36:01.606] [exthost] [info] ExtensionService#_doActivateExtension vscode.configuration-editing {"startup":false,"activationEvent":"onLanguage:jsonc"}
[2019-01-20 16:36:01.606] [exthost] [info] ExtensionService#loadCommonJSModule /opt/visual-studio-code/resources/app/extensions/configuration-editing/dist/extension
[2019-01-20 16:36:01.611] [exthost] [info] ExtensionService#_doActivateExtension vscode.json-language-features {"startup":false,"activationEvent":"onLanguage:jsonc"}
[2019-01-20 16:36:01.611] [exthost] [info] ExtensionService#loadCommonJSModule /opt/visual-studio-code/resources/app/extensions/json-language-features/client/dist/jsonMain
[2019-01-20 16:36:01.651] [exthost] [info] ExtensionService#_doActivateExtension vscode.typescript-language-features {"startup":false,"activationEvent":"onLanguage:jsonc"}
[2019-01-20 16:36:01.651] [exthost] [info] ExtensionService#loadCommonJSModule /opt/visual-studio-code/resources/app/extensions/typescript-language-features/dist/extension
[2019-01-20 16:36:32.807] [exthost] [info] extension host started
[2019-01-20 16:36:32.815] [exthost] [info] ExtensionService#_doActivateExtension vscode.debug-auto-launch {"startup":true,"activationEvent":"*"}
[2019-01-20 16:36:32.815] [exthost] [info] ExtensionService#loadCommonJSModule /opt/visual-studio-code/resources/app/extensions/debug-auto-launch/dist/extension
[2019-01-20 16:36:32.817] [exthost] [info] ExtensionService#_doActivateExtension vscode.emmet {"startup":true,"activationEvent":"*"}
[2019-01-20 16:36:32.817] [exthost] [info] ExtensionService#loadCommonJSModule /opt/visual-studio-code/resources/app/extensions/emmet/dist/extension
[2019-01-20 16:36:32.828] [exthost] [info] ExtensionService#_doActivateExtension vscode.git {"startup":true,"activationEvent":"*"}
[2019-01-20 16:36:32.828] [exthost] [info] ExtensionService#loadCommonJSModule /opt/visual-studio-code/resources/app/extensions/git/dist/main
[2019-01-20 16:36:32.884] [exthost] [info] ExtensionService#_doActivateExtension vscode.merge-conflict {"startup":true,"activationEvent":"*"}
[2019-01-20 16:36:32.884] [exthost] [info] ExtensionService#loadCommonJSModule /opt/visual-studio-code/resources/app/extensions/merge-conflict/dist/extension
[2019-01-20 16:36:32.887] [exthost] [info] ExtensionService#_doActivateExtension alefragnani.project-manager {"startup":true,"activationEvent":"*"}
[2019-01-20 16:36:32.887] [exthost] [info] ExtensionService#loadCommonJSModule /home/miltfra/.vscode/extensions/alefragnani.project-manager-10.3.0/out/src/extension
[2019-01-20 16:36:32.894] [exthost] [info] ExtensionService#_doActivateExtension CoenraadS.bracket-pair-colorizer {"startup":true,"activationEvent":"*"}
[2019-01-20 16:36:32.894] [exthost] [info] ExtensionService#loadCommonJSModule /home/miltfra/.vscode/extensions/coenraads.bracket-pair-colorizer-1.0.61/out/src/extension
[2019-01-20 16:36:32.905] [exthost] [info] ExtensionService#_doActivateExtension eamodio.gitlens {"startup":true,"activationEvent":"*"}
[2019-01-20 16:36:32.905] [exthost] [info] ExtensionService#loadCommonJSModule /home/miltfra/.vscode/extensions/eamodio.gitlens-9.4.1/dist/extension
[2019-01-20 16:36:32.967] [exthost] [info] ExtensionService#_doActivateExtension PKief.material-icon-theme {"startup":true,"activationEvent":"*"}
[2019-01-20 16:36:32.967] [exthost] [info] ExtensionService#loadCommonJSModule /home/miltfra/.vscode/extensions/pkief.material-icon-theme-3.6.2/out/src/extension
[2019-01-20 16:36:32.988] [exthost] [info] ExtensionService#_doActivateExtension vscodevim.vim {"startup":true,"activationEvent":"*"}
[2019-01-20 16:36:32.988] [exthost] [info] ExtensionService#loadCommonJSModule /home/miltfra/.vscode/extensions/vscodevim.vim-1.0.2/out/extension
[2019-01-20 16:36:33.181] [exthost] [info] eager extensions activated
[2019-01-20 16:36:36.641] [exthost] [info] ExtensionService#_doActivateExtension vscode.configuration-editing {"startup":false,"activationEvent":"onLanguage:jsonc"}
[2019-01-20 16:36:36.641] [exthost] [info] ExtensionService#loadCommonJSModule /opt/visual-studio-code/resources/app/extensions/configuration-editing/dist/extension
[2019-01-20 16:36:36.645] [exthost] [info] ExtensionService#_doActivateExtension vscode.json-language-features {"startup":false,"activationEvent":"onLanguage:jsonc"}
[2019-01-20 16:36:36.645] [exthost] [info] ExtensionService#loadCommonJSModule /opt/visual-studio-code/resources/app/extensions/json-language-features/client/dist/jsonMain
[2019-01-20 16:36:36.677] [exthost] [info] ExtensionService#_doActivateExtension vscode.typescript-language-features {"startup":false,"activationEvent":"onLanguage:jsonc"}
[2019-01-20 16:36:36.677] [exthost] [info] ExtensionService#loadCommonJSModule /opt/visual-studio-code/resources/app/extensions/typescript-language-features/dist/extension
[2019-01-20 16:37:01.709] [exthost] [info] ExtensionService#_doActivateExtension ms-vscode.Go {"startup":false,"activationEvent":"onLanguage:go"}
[2019-01-20 16:37:01.709] [exthost] [info] ExtensionService#loadCommonJSModule /home/miltfra/.vscode/extensions/ms-vscode.go-0.8.0/out/src/goMain
[2019-01-20 16:41:04.230] [exthost] [error] [ms-vscode.Go] provider FAILED
[2019-01-20 16:41:04.230] [exthost] [error] undefined
[2019-01-20 16:41:29.219] [exthost] [info] ExtensionService#_doActivateExtension vscode.extension-editing {"startup":false,"activationEvent":"onLanguage:markdown"}
[2019-01-20 16:41:29.219] [exthost] [info] ExtensionService#loadCommonJSModule /opt/visual-studio-code/resources/app/extensions/extension-editing/dist/extension
[2019-01-20 16:41:29.250] [exthost] [info] ExtensionService#_doActivateExtension vscode.markdown-language-features {"startup":false,"activationEvent":"onLanguage:markdown"}
[2019-01-20 16:41:29.250] [exthost] [info] ExtensionService#loadCommonJSModule /opt/visual-studio-code/resources/app/extensions/markdown-language-features/dist/extension
