Looking for git in: git
Using git 2.20.1 from git
> git rev-parse --show-toplevel
fatal: not a git repository (or any parent up to mount point /)
Stopping at filesystem boundary (GIT_DISCOVERY_ACROSS_FILESYSTEM not set).
> git rev-parse --show-toplevel
> git config --get commit.template
Open repository: /home/miltfra/go/src/github.com/miltfra/tsp
> git status -z -u
> git rev-parse --show-toplevel
> git symbolic-ref --short HEAD
> git config --get commit.template
Open repository: /home/miltfra/go/src/github.com/miltfra/tools
> git status -z -u
> git symbolic-ref --short HEAD
> git rev-parse master
> git rev-parse --symbolic-full-name master@{u}
> git rev-parse master
> git rev-parse --symbolic-full-name master@{u}
> git rev-list --left-right master...refs/remotes/origin/master
> git rev-list --left-right master...refs/remotes/origin/master
> git for-each-ref --format %(refname) %(objectname) --sort -committerdate
> git remote --verbose
> git for-each-ref --format %(refname) %(objectname) --sort -committerdate
> git remote --verbose
> git check-ignore -z --stdin
> git check-ignore -z --stdin
> git show :main.go
> git ls-tree -l HEAD -- /home/miltfra/go/src/github.com/miltfra/tsp/main.go
> git show 304b306191ccde627a662b6a47e6287a0472853f
> git show HEAD:main.go
> git checkout -q -- /home/miltfra/go/src/github.com/miltfra/tsp/main.go
> git status -z -u
> git symbolic-ref --short HEAD
> git rev-parse master
> git rev-parse --symbolic-full-name master@{u}
> git rev-list --left-right master...refs/remotes/origin/master
> git for-each-ref --format %(refname) %(objectname) --sort -committerdate
> git remote --verbose
> git show HEAD:main.go
> git ls-tree -l HEAD -- /home/miltfra/go/src/github.com/miltfra/tsp/status/statusQ.go
> git show bbb7d54a71954cdf185fbcb480168db84849bb99
> git show HEAD:status/statusQ.go
> git checkout -q -- /home/miltfra/go/src/github.com/miltfra/tsp/status/statusQ.go
> git status -z -u
> git symbolic-ref --short HEAD
> git rev-parse master
> git rev-parse --symbolic-full-name master@{u}
> git rev-list --left-right master...refs/remotes/origin/master
> git for-each-ref --format %(refname) %(objectname) --sort -committerdate
> git remote --verbose
> git show HEAD:status/statusQ.go
